#
# There is insufficient memory for the Java Runtime Environment to continue.
# Native memory allocation (malloc) failed to allocate 76336 bytes for Chunk::new
# Possible reasons:
#   The system is out of physical RAM or swap space
#   The process is running with CompressedOops enabled, and the Java Heap may be blocking the growth of the native heap
# Possible solutions:
#   Reduce memory load on the system
#   Increase physical memory or swap space
#   Check if swap backing store is full
#   Decrease Java heap size (-Xmx/-Xms)
#   Decrease number of Java threads
#   Decrease Java thread stack sizes (-Xss)
#   Set larger code cache with -XX:ReservedCodeCacheSize=
#   JVM is running with Unscaled Compressed Oops mode in which the Java heap is
#     placed in the first 4GB address space. The Java Heap base address is the
#     maximum limit for the native heap growth. Please use -XX:HeapBaseMinAddress
#     to set the Java Heap base and to place the Java Heap above 4GB virtual address.
# This output file may be truncated or incomplete.
#
#  Out of Memory Error (arena.cpp:191), pid=11056, tid=17828
#
# JRE version: OpenJDK Runtime Environment JBR-17.0.9+7-1087.9-jcef (17.0.9+7) (build 17.0.9+7-b1087.9)
# Java VM: OpenJDK 64-Bit Server VM JBR-17.0.9+7-1087.9-jcef (17.0.9+7-b1087.9, mixed mode, tiered, compressed oops, compressed class ptrs, g1 gc, windows-amd64)
# No core dump will be written. Minidumps are not enabled by default on client versions of Windows
#

---------------  S U M M A R Y ------------

Command Line: git4idea.http.GitAskPassApp Username for 'https://github.com': 

Host: AMD Ryzen 3 3250U with Radeon Graphics         , 4 cores, 5G,  Windows 11 , 64 bit Build 22621 (10.0.22621.3085)
Time: Sun Mar 10 09:35:42 2024 Malay Peninsula Standard Time elapsed time: 1.650345 seconds (0d 0h 0m 1s)

---------------  T H R E A D  ---------------

Current thread (0x000001d2ca2c14d0):  JavaThread "C2 CompilerThread1" daemon [_thread_in_native, id=17828, stack(0x0000007b75400000,0x0000007b75500000)]


Current CompileTask:
C2:   1650 1087       4       java.lang.AbstractStringBuilder::append (45 bytes)

Stack: [0x0000007b75400000,0x0000007b75500000]
Native frames: (J=compiled Java code, j=interpreted, Vv=VM code, C=native code)
V  [jvm.dll+0x688349]
V  [jvm.dll+0x841bfa]
V  [jvm.dll+0x84383e]
V  [jvm.dll+0x843ea3]
V  [jvm.dll+0x24bdef]
V  [jvm.dll+0xac44c]
V  [jvm.dll+0xaca9c]
V  [jvm.dll+0x2b33ef]
V  [jvm.dll+0x590407]
V  [jvm.dll+0x226412]
V  [jvm.dll+0x2267ff]
V  [jvm.dll+0x21f926]
V  [jvm.dll+0x21cd71]
V  [jvm.dll+0x1a66dd]
V  [jvm.dll+0x22cd28]
V  [jvm.dll+0x22ae60]
V  [jvm.dll+0x7f6087]
V  [jvm.dll+0x7f043a]
V  [jvm.dll+0x6871c5]
C  [ucrtbase.dll+0x29363]
C  [KERNEL32.DLL+0x1257d]
C  [ntdll.dll+0x5aa58]


---------------  P R O C E S S  ---------------

Threads class SMR info:
_java_thread_list=0x000001d2ca218110, length=16, elements={
0x000001d2ad0cc700, 0x000001d2c5563250, 0x000001d2c55650e0, 0x000001d2c558a910,
0x000001d2c558b4d0, 0x000001d2c558e2a0, 0x000001d2c57ca080, 0x000001d2c57ec020,
0x000001d2c57f8400, 0x000001d2c58015d0, 0x000001d2c594c120, 0x000001d2c5955eb0,
0x000001d2ca19e060, 0x000001d2ca2195d0, 0x000001d2ca292fc0, 0x000001d2ca2c14d0
}

Java Threads: ( => current thread )
  0x000001d2ad0cc700 JavaThread "main" [_thread_blocked, id=3240, stack(0x0000007b73d00000,0x0000007b73e00000)]
  0x000001d2c5563250 JavaThread "Reference Handler" daemon [_thread_blocked, id=18992, stack(0x0000007b74400000,0x0000007b74500000)]
  0x000001d2c55650e0 JavaThread "Finalizer" daemon [_thread_blocked, id=15880, stack(0x0000007b74500000,0x0000007b74600000)]
  0x000001d2c558a910 JavaThread "Signal Dispatcher" daemon [_thread_blocked, id=8588, stack(0x0000007b74600000,0x0000007b74700000)]
  0x000001d2c558b4d0 JavaThread "Attach Listener" daemon [_thread_blocked, id=16568, stack(0x0000007b74700000,0x0000007b74800000)]
  0x000001d2c558e2a0 JavaThread "Service Thread" daemon [_thread_blocked, id=18580, stack(0x0000007b74800000,0x0000007b74900000)]
  0x000001d2c57ca080 JavaThread "Monitor Deflation Thread" daemon [_thread_blocked, id=5532, stack(0x0000007b74900000,0x0000007b74a00000)]
  0x000001d2c57ec020 JavaThread "C2 CompilerThread0" daemon [_thread_blocked, id=14632, stack(0x0000007b74a00000,0x0000007b74b00000)]
  0x000001d2c57f8400 JavaThread "C1 CompilerThread0" daemon [_thread_blocked, id=6032, stack(0x0000007b74b00000,0x0000007b74c00000)]
  0x000001d2c58015d0 JavaThread "Sweeper thread" daemon [_thread_blocked, id=18600, stack(0x0000007b74c00000,0x0000007b74d00000)]
  0x000001d2c594c120 JavaThread "Notification Thread" daemon [_thread_blocked, id=11336, stack(0x0000007b74d00000,0x0000007b74e00000)]
  0x000001d2c5955eb0 JavaThread "Common-Cleaner" daemon [_thread_blocked, id=12484, stack(0x0000007b74f00000,0x0000007b75000000)]
  0x000001d2ca19e060 JavaThread "HttpClient-1-SelectorManager" daemon [_thread_in_native, id=17196, stack(0x0000007b75000000,0x0000007b75100000)]
  0x000001d2ca2195d0 JavaThread "HttpClient-1-Worker-0" daemon [_thread_blocked, id=8832, stack(0x0000007b75200000,0x0000007b75300000)]
  0x000001d2ca292fc0 JavaThread "HttpClient-1-Worker-1" daemon [_thread_blocked, id=2376, stack(0x0000007b75300000,0x0000007b75400000)]
=>0x000001d2ca2c14d0 JavaThread "C2 CompilerThread1" daemon [_thread_in_native, id=17828, stack(0x0000007b75400000,0x0000007b75500000)]

Other Threads:
  0x000001d2c5540d60 VMThread "VM Thread" [stack: 0x0000007b74300000,0x0000007b74400000] [id=19352]
  0x000001d2c594c600 WatcherThread [stack: 0x0000007b74e00000,0x0000007b74f00000] [id=2892]
  0x000001d2ad1176f0 GCTaskThread "GC Thread#0" [stack: 0x0000007b73e00000,0x0000007b73f00000] [id=11836]
  0x000001d2ca33b190 GCTaskThread "GC Thread#1" [stack: 0x0000007b75500000,0x0000007b75600000] [id=1928]
  0x000001d2ca38a1f0 GCTaskThread "GC Thread#2" [stack: 0x0000007b75600000,0x0000007b75700000] [id=7792]
  0x000001d2ca38a4b0 GCTaskThread "GC Thread#3" [stack: 0x0000007b75700000,0x0000007b75800000] [id=11844]
  0x000001d2ad124280 ConcurrentGCThread "G1 Main Marker" [stack: 0x0000007b73f00000,0x0000007b74000000] [id=12100]
  0x000001d2ad124ca0 ConcurrentGCThread "G1 Conc#0" [stack: 0x0000007b74000000,0x0000007b74100000] [id=9172]
  0x000001d2c53a0090 ConcurrentGCThread "G1 Refine#0" [stack: 0x0000007b74100000,0x0000007b74200000] [id=17236]
  0x000001d2c53a0ac0 ConcurrentGCThread "G1 Service" [stack: 0x0000007b74200000,0x0000007b74300000] [id=11364]

Threads with active compile tasks:
C2 CompilerThread1     1694 1087       4       java.lang.AbstractStringBuilder::append (45 bytes)

VM state: not at safepoint (normal execution)

VM Mutex/Monitor currently owned by a thread: None

Heap address: 0x00000000a1e00000, size: 1506 MB, Compressed Oops mode: 32-bit

CDS archive(s) not mapped
Compressed class space mapped at: 0x0000000100000000-0x0000000140000000, reserved size: 1073741824
Narrow klass base: 0x0000000000000000, Narrow klass shift: 3, Narrow klass range: 0x140000000

GC Precious Log:
 CPUs: 4 total, 4 available
 Memory: 6020M
 Large Page Support: Disabled
 NUMA Support: Disabled
 Compressed Oops: Enabled (32-bit)
 Heap Region Size: 1M
 Heap Min Capacity: 8M
 Heap Initial Capacity: 96M
 Heap Max Capacity: 1506M
 Pre-touch: Disabled
 Parallel Workers: 4
 Concurrent Workers: 1
 Concurrent Refinement Workers: 4
 Periodic GC: Disabled

Heap:
 garbage-first heap   total 98304K, used 3348K [0x00000000a1e00000, 0x0000000100000000)
  region size 1024K, 4 young (4096K), 2 survivors (2048K)
 Metaspace       used 16848K, committed 17088K, reserved 1114112K
  class space    used 1795K, committed 1920K, reserved 1048576K

Heap Regions: E=young(eden), S=young(survivor), O=old, HS=humongous(starts), HC=humongous(continues), CS=collection set, F=free, OA=open archive, CA=closed archive, TAMS=top-at-mark-start (previous, next)
|   0|0x00000000a1e00000, 0x00000000a1e45200, 0x00000000a1f00000| 27%| O|  |TAMS 0x00000000a1e00000, 0x00000000a1e00000| Untracked 
|   1|0x00000000a1f00000, 0x00000000a1f00000, 0x00000000a2000000|  0%| F|  |TAMS 0x00000000a1f00000, 0x00000000a1f00000| Untracked 
|   2|0x00000000a2000000, 0x00000000a2000000, 0x00000000a2100000|  0%| F|  |TAMS 0x00000000a2000000, 0x00000000a2000000| Untracked 
|   3|0x00000000a2100000, 0x00000000a2100000, 0x00000000a2200000|  0%| F|  |TAMS 0x00000000a2100000, 0x00000000a2100000| Untracked 
|   4|0x00000000a2200000, 0x00000000a2200000, 0x00000000a2300000|  0%| F|  |TAMS 0x00000000a2200000, 0x00000000a2200000| Untracked 
|   5|0x00000000a2300000, 0x00000000a2300000, 0x00000000a2400000|  0%| F|  |TAMS 0x00000000a2300000, 0x00000000a2300000| Untracked 
|   6|0x00000000a2400000, 0x00000000a2400000, 0x00000000a2500000|  0%| F|  |TAMS 0x00000000a2400000, 0x00000000a2400000| Untracked 
|   7|0x00000000a2500000, 0x00000000a2500000, 0x00000000a2600000|  0%| F|  |TAMS 0x00000000a2500000, 0x00000000a2500000| Untracked 
|   8|0x00000000a2600000, 0x00000000a2600000, 0x00000000a2700000|  0%| F|  |TAMS 0x00000000a2600000, 0x00000000a2600000| Untracked 
|   9|0x00000000a2700000, 0x00000000a2700000, 0x00000000a2800000|  0%| F|  |TAMS 0x00000000a2700000, 0x00000000a2700000| Untracked 
|  10|0x00000000a2800000, 0x00000000a2800000, 0x00000000a2900000|  0%| F|  |TAMS 0x00000000a2800000, 0x00000000a2800000| Untracked 
|  11|0x00000000a2900000, 0x00000000a2900000, 0x00000000a2a00000|  0%| F|  |TAMS 0x00000000a2900000, 0x00000000a2900000| Untracked 
|  12|0x00000000a2a00000, 0x00000000a2a00000, 0x00000000a2b00000|  0%| F|  |TAMS 0x00000000a2a00000, 0x00000000a2a00000| Untracked 
|  13|0x00000000a2b00000, 0x00000000a2b00000, 0x00000000a2c00000|  0%| F|  |TAMS 0x00000000a2b00000, 0x00000000a2b00000| Untracked 
|  14|0x00000000a2c00000, 0x00000000a2c00000, 0x00000000a2d00000|  0%| F|  |TAMS 0x00000000a2c00000, 0x00000000a2c00000| Untracked 
|  15|0x00000000a2d00000, 0x00000000a2d00000, 0x00000000a2e00000|  0%| F|  |TAMS 0x00000000a2d00000, 0x00000000a2d00000| Untracked 
|  16|0x00000000a2e00000, 0x00000000a2e00000, 0x00000000a2f00000|  0%| F|  |TAMS 0x00000000a2e00000, 0x00000000a2e00000| Untracked 
|  17|0x00000000a2f00000, 0x00000000a2f00000, 0x00000000a3000000|  0%| F|  |TAMS 0x00000000a2f00000, 0x00000000a2f00000| Untracked 
|  18|0x00000000a3000000, 0x00000000a3000000, 0x00000000a3100000|  0%| F|  |TAMS 0x00000000a3000000, 0x00000000a3000000| Untracked 
|  19|0x00000000a3100000, 0x00000000a3100000, 0x00000000a3200000|  0%| F|  |TAMS 0x00000000a3100000, 0x00000000a3100000| Untracked 
|  20|0x00000000a3200000, 0x00000000a3200000, 0x00000000a3300000|  0%| F|  |TAMS 0x00000000a3200000, 0x00000000a3200000| Untracked 
|  21|0x00000000a3300000, 0x00000000a3300000, 0x00000000a3400000|  0%| F|  |TAMS 0x00000000a3300000, 0x00000000a3300000| Untracked 
|  22|0x00000000a3400000, 0x00000000a3400000, 0x00000000a3500000|  0%| F|  |TAMS 0x00000000a3400000, 0x00000000a3400000| Untracked 
|  23|0x00000000a3500000, 0x00000000a3500000, 0x00000000a3600000|  0%| F|  |TAMS 0x00000000a3500000, 0x00000000a3500000| Untracked 
|  24|0x00000000a3600000, 0x00000000a3600000, 0x00000000a3700000|  0%| F|  |TAMS 0x00000000a3600000, 0x00000000a3600000| Untracked 
|  25|0x00000000a3700000, 0x00000000a3700000, 0x00000000a3800000|  0%| F|  |TAMS 0x00000000a3700000, 0x00000000a3700000| Untracked 
|  26|0x00000000a3800000, 0x00000000a3800000, 0x00000000a3900000|  0%| F|  |TAMS 0x00000000a3800000, 0x00000000a3800000| Untracked 
|  27|0x00000000a3900000, 0x00000000a3900000, 0x00000000a3a00000|  0%| F|  |TAMS 0x00000000a3900000, 0x00000000a3900000| Untracked 
|  28|0x00000000a3a00000, 0x00000000a3a00000, 0x00000000a3b00000|  0%| F|  |TAMS 0x00000000a3a00000, 0x00000000a3a00000| Untracked 
|  29|0x00000000a3b00000, 0x00000000a3b00000, 0x00000000a3c00000|  0%| F|  |TAMS 0x00000000a3b00000, 0x00000000a3b00000| Untracked 
|  30|0x00000000a3c00000, 0x00000000a3c00000, 0x00000000a3d00000|  0%| F|  |TAMS 0x00000000a3c00000, 0x00000000a3c00000| Untracked 
|  31|0x00000000a3d00000, 0x00000000a3d00000, 0x00000000a3e00000|  0%| F|  |TAMS 0x00000000a3d00000, 0x00000000a3d00000| Untracked 
|  32|0x00000000a3e00000, 0x00000000a3e00000, 0x00000000a3f00000|  0%| F|  |TAMS 0x00000000a3e00000, 0x00000000a3e00000| Untracked 
|  33|0x00000000a3f00000, 0x00000000a3f00000, 0x00000000a4000000|  0%| F|  |TAMS 0x00000000a3f00000, 0x00000000a3f00000| Untracked 
|  34|0x00000000a4000000, 0x00000000a4000000, 0x00000000a4100000|  0%| F|  |TAMS 0x00000000a4000000, 0x00000000a4000000| Untracked 
|  35|0x00000000a4100000, 0x00000000a4100000, 0x00000000a4200000|  0%| F|  |TAMS 0x00000000a4100000, 0x00000000a4100000| Untracked 
|  36|0x00000000a4200000, 0x00000000a4200000, 0x00000000a4300000|  0%| F|  |TAMS 0x00000000a4200000, 0x00000000a4200000| Untracked 
|  37|0x00000000a4300000, 0x00000000a4300000, 0x00000000a4400000|  0%| F|  |TAMS 0x00000000a4300000, 0x00000000a4300000| Untracked 
|  38|0x00000000a4400000, 0x00000000a4400000, 0x00000000a4500000|  0%| F|  |TAMS 0x00000000a4400000, 0x00000000a4400000| Untracked 
|  39|0x00000000a4500000, 0x00000000a4500000, 0x00000000a4600000|  0%| F|  |TAMS 0x00000000a4500000, 0x00000000a4500000| Untracked 
|  40|0x00000000a4600000, 0x00000000a4600000, 0x00000000a4700000|  0%| F|  |TAMS 0x00000000a4600000, 0x00000000a4600000| Untracked 
|  41|0x00000000a4700000, 0x00000000a4700000, 0x00000000a4800000|  0%| F|  |TAMS 0x00000000a4700000, 0x00000000a4700000| Untracked 
|  42|0x00000000a4800000, 0x00000000a4800000, 0x00000000a4900000|  0%| F|  |TAMS 0x00000000a4800000, 0x00000000a4800000| Untracked 
|  43|0x00000000a4900000, 0x00000000a4900000, 0x00000000a4a00000|  0%| F|  |TAMS 0x00000000a4900000, 0x00000000a4900000| Untracked 
|  44|0x00000000a4a00000, 0x00000000a4a00000, 0x00000000a4b00000|  0%| F|  |TAMS 0x00000000a4a00000, 0x00000000a4a00000| Untracked 
|  45|0x00000000a4b00000, 0x00000000a4b00000, 0x00000000a4c00000|  0%| F|  |TAMS 0x00000000a4b00000, 0x00000000a4b00000| Untracked 
|  46|0x00000000a4c00000, 0x00000000a4c00000, 0x00000000a4d00000|  0%| F|  |TAMS 0x00000000a4c00000, 0x00000000a4c00000| Untracked 
|  47|0x00000000a4d00000, 0x00000000a4d00000, 0x00000000a4e00000|  0%| F|  |TAMS 0x00000000a4d00000, 0x00000000a4d00000| Untracked 
|  48|0x00000000a4e00000, 0x00000000a4e00000, 0x00000000a4f00000|  0%| F|  |TAMS 0x00000000a4e00000, 0x00000000a4e00000| Untracked 
|  49|0x00000000a4f00000, 0x00000000a4f00000, 0x00000000a5000000|  0%| F|  |TAMS 0x00000000a4f00000, 0x00000000a4f00000| Untracked 
|  50|0x00000000a5000000, 0x00000000a5000000, 0x00000000a5100000|  0%| F|  |TAMS 0x00000000a5000000, 0x00000000a5000000| Untracked 
|  51|0x00000000a5100000, 0x00000000a5100000, 0x00000000a5200000|  0%| F|  |TAMS 0x00000000a5100000, 0x00000000a5100000| Untracked 
|  52|0x00000000a5200000, 0x00000000a5200000, 0x00000000a5300000|  0%| F|  |TAMS 0x00000000a5200000, 0x00000000a5200000| Untracked 
|  53|0x00000000a5300000, 0x00000000a5300000, 0x00000000a5400000|  0%| F|  |TAMS 0x00000000a5300000, 0x00000000a5300000| Untracked 
|  54|0x00000000a5400000, 0x00000000a5400000, 0x00000000a5500000|  0%| F|  |TAMS 0x00000000a5400000, 0x00000000a5400000| Untracked 
|  55|0x00000000a5500000, 0x00000000a5500000, 0x00000000a5600000|  0%| F|  |TAMS 0x00000000a5500000, 0x00000000a5500000| Untracked 
|  56|0x00000000a5600000, 0x00000000a5600000, 0x00000000a5700000|  0%| F|  |TAMS 0x00000000a5600000, 0x00000000a5600000| Untracked 
|  57|0x00000000a5700000, 0x00000000a5700000, 0x00000000a5800000|  0%| F|  |TAMS 0x00000000a5700000, 0x00000000a5700000| Untracked 
|  58|0x00000000a5800000, 0x00000000a5800000, 0x00000000a5900000|  0%| F|  |TAMS 0x00000000a5800000, 0x00000000a5800000| Untracked 
|  59|0x00000000a5900000, 0x00000000a5900000, 0x00000000a5a00000|  0%| F|  |TAMS 0x00000000a5900000, 0x00000000a5900000| Untracked 
|  60|0x00000000a5a00000, 0x00000000a5a00000, 0x00000000a5b00000|  0%| F|  |TAMS 0x00000000a5a00000, 0x00000000a5a00000| Untracked 
|  61|0x00000000a5b00000, 0x00000000a5b00000, 0x00000000a5c00000|  0%| F|  |TAMS 0x00000000a5b00000, 0x00000000a5b00000| Untracked 
|  62|0x00000000a5c00000, 0x00000000a5c00000, 0x00000000a5d00000|  0%| F|  |TAMS 0x00000000a5c00000, 0x00000000a5c00000| Untracked 
|  63|0x00000000a5d00000, 0x00000000a5d00000, 0x00000000a5e00000|  0%| F|  |TAMS 0x00000000a5d00000, 0x00000000a5d00000| Untracked 
|  64|0x00000000a5e00000, 0x00000000a5e00000, 0x00000000a5f00000|  0%| F|  |TAMS 0x00000000a5e00000, 0x00000000a5e00000| Untracked 
|  65|0x00000000a5f00000, 0x00000000a5f00000, 0x00000000a6000000|  0%| F|  |TAMS 0x00000000a5f00000, 0x00000000a5f00000| Untracked 
|  66|0x00000000a6000000, 0x00000000a6000000, 0x00000000a6100000|  0%| F|  |TAMS 0x00000000a6000000, 0x00000000a6000000| Untracked 
|  67|0x00000000a6100000, 0x00000000a6100000, 0x00000000a6200000|  0%| F|  |TAMS 0x00000000a6100000, 0x00000000a6100000| Untracked 
|  68|0x00000000a6200000, 0x00000000a6200000, 0x00000000a6300000|  0%| F|  |TAMS 0x00000000a6200000, 0x00000000a6200000| Untracked 
|  69|0x00000000a6300000, 0x00000000a6300000, 0x00000000a6400000|  0%| F|  |TAMS 0x00000000a6300000, 0x00000000a6300000| Untracked 
|  70|0x00000000a6400000, 0x00000000a6400000, 0x00000000a6500000|  0%| F|  |TAMS 0x00000000a6400000, 0x00000000a6400000| Untracked 
|  71|0x00000000a6500000, 0x00000000a6500000, 0x00000000a6600000|  0%| F|  |TAMS 0x00000000a6500000, 0x00000000a6500000| Untracked 
|  72|0x00000000a6600000, 0x00000000a6600000, 0x00000000a6700000|  0%| F|  |TAMS 0x00000000a6600000, 0x00000000a6600000| Untracked 
|  73|0x00000000a6700000, 0x00000000a6700000, 0x00000000a6800000|  0%| F|  |TAMS 0x00000000a6700000, 0x00000000a6700000| Untracked 
|  74|0x00000000a6800000, 0x00000000a6800000, 0x00000000a6900000|  0%| F|  |TAMS 0x00000000a6800000, 0x00000000a6800000| Untracked 
|  75|0x00000000a6900000, 0x00000000a6900000, 0x00000000a6a00000|  0%| F|  |TAMS 0x00000000a6900000, 0x00000000a6900000| Untracked 
|  76|0x00000000a6a00000, 0x00000000a6a00000, 0x00000000a6b00000|  0%| F|  |TAMS 0x00000000a6a00000, 0x00000000a6a00000| Untracked 
|  77|0x00000000a6b00000, 0x00000000a6b00000, 0x00000000a6c00000|  0%| F|  |TAMS 0x00000000a6b00000, 0x00000000a6b00000| Untracked 
|  78|0x00000000a6c00000, 0x00000000a6c00000, 0x00000000a6d00000|  0%| F|  |TAMS 0x00000000a6c00000, 0x00000000a6c00000| Untracked 
|  79|0x00000000a6d00000, 0x00000000a6d00000, 0x00000000a6e00000|  0%| F|  |TAMS 0x00000000a6d00000, 0x00000000a6d00000| Untracked 
|  80|0x00000000a6e00000, 0x00000000a6e00000, 0x00000000a6f00000|  0%| F|  |TAMS 0x00000000a6e00000, 0x00000000a6e00000| Untracked 
|  81|0x00000000a6f00000, 0x00000000a7000000, 0x00000000a7000000|100%| S|CS|TAMS 0x00000000a6f00000, 0x00000000a6f00000| Complete 
|  82|0x00000000a7000000, 0x00000000a7100000, 0x00000000a7100000|100%| S|CS|TAMS 0x00000000a7000000, 0x00000000a7000000| Complete 
|  83|0x00000000a7100000, 0x00000000a7100000, 0x00000000a7200000|  0%| F|  |TAMS 0x00000000a7100000, 0x00000000a7100000| Untracked 
|  84|0x00000000a7200000, 0x00000000a7200000, 0x00000000a7300000|  0%| F|  |TAMS 0x00000000a7200000, 0x00000000a7200000| Untracked 
|  85|0x00000000a7300000, 0x00000000a7300000, 0x00000000a7400000|  0%| F|  |TAMS 0x00000000a7300000, 0x00000000a7300000| Untracked 
|  86|0x00000000a7400000, 0x00000000a7400000, 0x00000000a7500000|  0%| F|  |TAMS 0x00000000a7400000, 0x00000000a7400000| Untracked 
|  87|0x00000000a7500000, 0x00000000a7500000, 0x00000000a7600000|  0%| F|  |TAMS 0x00000000a7500000, 0x00000000a7500000| Untracked 
|  88|0x00000000a7600000, 0x00000000a7600000, 0x00000000a7700000|  0%| F|  |TAMS 0x00000000a7600000, 0x00000000a7600000| Untracked 
|  89|0x00000000a7700000, 0x00000000a7700000, 0x00000000a7800000|  0%| F|  |TAMS 0x00000000a7700000, 0x00000000a7700000| Untracked 
|  90|0x00000000a7800000, 0x00000000a7800000, 0x00000000a7900000|  0%| F|  |TAMS 0x00000000a7800000, 0x00000000a7800000| Untracked 
|  91|0x00000000a7900000, 0x00000000a7900000, 0x00000000a7a00000|  0%| F|  |TAMS 0x00000000a7900000, 0x00000000a7900000| Untracked 
|  92|0x00000000a7a00000, 0x00000000a7a00000, 0x00000000a7b00000|  0%| F|  |TAMS 0x00000000a7a00000, 0x00000000a7a00000| Untracked 
|  93|0x00000000a7b00000, 0x00000000a7b00000, 0x00000000a7c00000|  0%| F|  |TAMS 0x00000000a7b00000, 0x00000000a7b00000| Untracked 
|  94|0x00000000a7c00000, 0x00000000a7ccbbd0, 0x00000000a7d00000| 79%| E|  |TAMS 0x00000000a7c00000, 0x00000000a7c00000| Complete 
|  95|0x00000000a7d00000, 0x00000000a7e00000, 0x00000000a7e00000|100%| E|CS|TAMS 0x00000000a7d00000, 0x00000000a7d00000| Complete 

Card table byte_map: [0x000001d2bfb40000,0x000001d2bfe40000] _byte_map_base: 0x000001d2bf631000

Marking Bits (Prev, Next): (CMBitMap*) 0x000001d2ad117d10, (CMBitMap*) 0x000001d2ad117d50
 Prev Bits: [0x000001d2c0140000, 0x000001d2c18c8000)
 Next Bits: [0x000001d2c18d0000, 0x000001d2c3058000)

Polling page: 0x000001d2ab0a0000

Metaspace:

Usage:
  Non-class:     14.70 MB used.
      Class:      1.75 MB used.
       Both:     16.45 MB used.

Virtual space:
  Non-class space:       64.00 MB reserved,      14.81 MB ( 23%) committed,  1 nodes.
      Class space:        1.00 GB reserved,       1.88 MB ( <1%) committed,  1 nodes.
             Both:        1.06 GB reserved,      16.69 MB (  2%) committed. 

Chunk freelists:
   Non-Class:  652.00 KB
       Class:  14.14 MB
        Both:  14.77 MB

MaxMetaspaceSize: unlimited
CompressedClassSpaceSize: 1.00 GB
Initial GC threshold: 21.00 MB
Current GC threshold: 21.00 MB
CDS: off
MetaspaceReclaimPolicy: balanced
 - commit_granule_bytes: 65536.
 - commit_granule_words: 8192.
 - virtual_space_node_default_size: 8388608.
 - enlarge_chunks_in_place: 1.
 - new_chunks_are_fully_committed: 0.
 - uncommit_free_chunks: 1.
 - use_allocation_guard: 0.
 - handle_deallocations: 1.


Internal statistics:

num_allocs_failed_limit: 0.
num_arena_births: 168.
num_arena_deaths: 0.
num_vsnodes_births: 2.
num_vsnodes_deaths: 0.
num_space_committed: 267.
num_space_uncommitted: 0.
num_chunks_returned_to_freelist: 0.
num_chunks_taken_from_freelist: 343.
num_chunk_merges: 0.
num_chunk_splits: 203.
num_chunks_enlarged: 115.
num_inconsistent_stats: 0.

CodeHeap 'non-profiled nmethods': size=120000Kb used=334Kb max_used=334Kb free=119665Kb
 bounds [0x000001d2b8310000, 0x000001d2b8580000, 0x000001d2bf840000]
CodeHeap 'profiled nmethods': size=120000Kb used=1686Kb max_used=1686Kb free=118313Kb
 bounds [0x000001d2b0840000, 0x000001d2b0ab0000, 0x000001d2b7d70000]
CodeHeap 'non-nmethods': size=5760Kb used=1190Kb max_used=1212Kb free=4569Kb
 bounds [0x000001d2b7d70000, 0x000001d2b7fe0000, 0x000001d2b8310000]
 total_blobs=1581 nmethods=1095 adapters=399
 compilation: enabled
              stopped_count=0, restarted_count=0
 full_count=0

Compilation events (20 events):
Event: 1.626 Thread 0x000001d2c57f8400 nmethod 1073 0x000001d2b09d8390 code [0x000001d2b09d8520, 0x000001d2b09d8658]
Event: 1.626 Thread 0x000001d2c57f8400 1074       3       jdk.internal.org.objectweb.asm.ClassWriter::<init> (7 bytes)
Event: 1.627 Thread 0x000001d2c57f8400 nmethod 1074 0x000001d2b09d8710 code [0x000001d2b09d88c0, 0x000001d2b09d8a08]
Event: 1.627 Thread 0x000001d2c57f8400 1075       3       jdk.internal.org.objectweb.asm.ClassWriter::toByteArray (1515 bytes)
Event: 1.636 Thread 0x000001d2c57f8400 nmethod 1075 0x000001d2b09d8a90 code [0x000001d2b09d93c0, 0x000001d2b09dd0d8]
Event: 1.636 Thread 0x000001d2c57f8400 1077       3       jdk.internal.org.objectweb.asm.Handler::putExceptionTable (63 bytes)
Event: 1.636 Thread 0x000001d2c57f8400 nmethod 1077 0x000001d2b09df090 code [0x000001d2b09df2a0, 0x000001d2b09df708]
Event: 1.636 Thread 0x000001d2c57f8400 1080       3       jdk.internal.org.objectweb.asm.SymbolTable::addTypeInternal (85 bytes)
Event: 1.637 Thread 0x000001d2c57f8400 nmethod 1080 0x000001d2b09dfa10 code [0x000001d2b09dfbe0, 0x000001d2b09e01f8]
Event: 1.637 Thread 0x000001d2c57f8400 1084       3       java.lang.invoke.DirectMethodHandle::internalMemberName (8 bytes)
Event: 1.637 Thread 0x000001d2c57f8400 nmethod 1084 0x000001d2b09e0390 code [0x000001d2b09e0520, 0x000001d2b09e06f8]
Event: 1.637 Thread 0x000001d2c57f8400 1078       3       java.lang.invoke.MethodHandles$Lookup$ClassFile::readUnsignedShort (39 bytes)
Event: 1.637 Thread 0x000001d2c57f8400 nmethod 1078 0x000001d2b09e0810 code [0x000001d2b09e09c0, 0x000001d2b09e0bc8]
Event: 1.637 Thread 0x000001d2c57f8400 1076       3       jdk.internal.org.objectweb.asm.SymbolTable::putConstantPool (28 bytes)
Event: 1.638 Thread 0x000001d2c57f8400 nmethod 1076 0x000001d2b09e0d10 code [0x000001d2b09e0ec0, 0x000001d2b09e1078]
Event: 1.639 Thread 0x000001d2c57f8400 1085       3       java.lang.invoke.LambdaFormBuffer::changeName (149 bytes)
Event: 1.640 Thread 0x000001d2c57f8400 nmethod 1085 0x000001d2b09e1190 code [0x000001d2b09e1360, 0x000001d2b09e1888]
Event: 1.640 Thread 0x000001d2c57f8400 1086       3       java.lang.invoke.MethodHandleNatives::canBeCalledVirtual (50 bytes)
Event: 1.640 Thread 0x000001d2c57f8400 nmethod 1086 0x000001d2b09e1a10 code [0x000001d2b09e1c00, 0x000001d2b09e20c8]
Event: 1.642 Thread 0x000001d2ca2c14d0 1087       4       java.lang.AbstractStringBuilder::append (45 bytes)

GC Heap History (2 events):
Event: 1.527 GC heap before
{Heap before GC invocations=0 (full 0):
 garbage-first heap   total 98304K, used 12288K [0x00000000a1e00000, 0x0000000100000000)
  region size 1024K, 13 young (13312K), 0 survivors (0K)
 Metaspace       used 16428K, committed 16576K, reserved 1114112K
  class space    used 1727K, committed 1792K, reserved 1048576K
}
Event: 1.540 GC heap after
{Heap after GC invocations=1 (full 0):
 garbage-first heap   total 98304K, used 2324K [0x00000000a1e00000, 0x0000000100000000)
  region size 1024K, 2 young (2048K), 2 survivors (2048K)
 Metaspace       used 16428K, committed 16576K, reserved 1114112K
  class space    used 1727K, committed 1792K, reserved 1048576K
}

Dll operation events (1 events):
Event: 0.021 Loaded shared library C:\Program Files\JetBrains\IntelliJ IDEA Community Edition 2023.3.2\jbr\bin\java.dll

Deoptimization events (20 events):
Event: 1.457 Thread 0x000001d2ca2195d0 Uncommon trap: trap_request=0xffffffc6 fr.pc=0x000001d2b8356e8c relative=0x00000000000000cc
Event: 1.457 Thread 0x000001d2ca2195d0 Uncommon trap: reason=bimorphic_or_optimized_type_check action=maybe_recompile pc=0x000001d2b8356e8c method=sun.security.util.math.intpoly.IntegerPolynomial$MutableElement.setProduct(Lsun/security/util/math/IntegerModuloP;)Lsun/security/util/math/intpoly/
Event: 1.457 Thread 0x000001d2ca2195d0 DEOPT PACKING pc=0x000001d2b8356e8c sp=0x0000007b752fe5e0
Event: 1.457 Thread 0x000001d2ca2195d0 DEOPT UNPACKING pc=0x000001d2b7dc69a3 sp=0x0000007b752fe560 mode 2
Event: 1.457 Thread 0x000001d2ca2195d0 Uncommon trap: trap_request=0xffffffc6 fr.pc=0x000001d2b8356e8c relative=0x00000000000000cc
Event: 1.457 Thread 0x000001d2ca2195d0 Uncommon trap: reason=bimorphic_or_optimized_type_check action=maybe_recompile pc=0x000001d2b8356e8c method=sun.security.util.math.intpoly.IntegerPolynomial$MutableElement.setProduct(Lsun/security/util/math/IntegerModuloP;)Lsun/security/util/math/intpoly/
Event: 1.457 Thread 0x000001d2ca2195d0 DEOPT PACKING pc=0x000001d2b8356e8c sp=0x0000007b752fe5e0
Event: 1.457 Thread 0x000001d2ca2195d0 DEOPT UNPACKING pc=0x000001d2b7dc69a3 sp=0x0000007b752fe560 mode 2
Event: 1.457 Thread 0x000001d2ca2195d0 Uncommon trap: trap_request=0xffffffc6 fr.pc=0x000001d2b8356e8c relative=0x00000000000000cc
Event: 1.457 Thread 0x000001d2ca2195d0 Uncommon trap: reason=bimorphic_or_optimized_type_check action=maybe_recompile pc=0x000001d2b8356e8c method=sun.security.util.math.intpoly.IntegerPolynomial$MutableElement.setProduct(Lsun/security/util/math/IntegerModuloP;)Lsun/security/util/math/intpoly/
Event: 1.457 Thread 0x000001d2ca2195d0 DEOPT PACKING pc=0x000001d2b8356e8c sp=0x0000007b752fe5e0
Event: 1.457 Thread 0x000001d2ca2195d0 DEOPT UNPACKING pc=0x000001d2b7dc69a3 sp=0x0000007b752fe560 mode 2
Event: 1.457 Thread 0x000001d2ca2195d0 Uncommon trap: trap_request=0xffffffc6 fr.pc=0x000001d2b8356e8c relative=0x00000000000000cc
Event: 1.457 Thread 0x000001d2ca2195d0 Uncommon trap: reason=bimorphic_or_optimized_type_check action=maybe_recompile pc=0x000001d2b8356e8c method=sun.security.util.math.intpoly.IntegerPolynomial$MutableElement.setProduct(Lsun/security/util/math/IntegerModuloP;)Lsun/security/util/math/intpoly/
Event: 1.457 Thread 0x000001d2ca2195d0 DEOPT PACKING pc=0x000001d2b8356e8c sp=0x0000007b752fe5e0
Event: 1.457 Thread 0x000001d2ca2195d0 DEOPT UNPACKING pc=0x000001d2b7dc69a3 sp=0x0000007b752fe560 mode 2
Event: 1.579 Thread 0x000001d2ca19e060 Uncommon trap: trap_request=0xffffff45 fr.pc=0x000001d2b8329a20 relative=0x0000000000000920
Event: 1.579 Thread 0x000001d2ca19e060 Uncommon trap: reason=unstable_if action=reinterpret pc=0x000001d2b8329a20 method=java.util.HashMap.putVal(ILjava/lang/Object;Ljava/lang/Object;ZZ)Ljava/lang/Object; @ 81 c2
Event: 1.579 Thread 0x000001d2ca19e060 DEOPT PACKING pc=0x000001d2b8329a20 sp=0x0000007b750fec10
Event: 1.579 Thread 0x000001d2ca19e060 DEOPT UNPACKING pc=0x000001d2b7dc69a3 sp=0x0000007b750febe0 mode 2

Classes unloaded (0 events):
No events

Classes redefined (0 events):
No events

Internal exceptions (20 events):
Event: 0.768 Thread 0x000001d2ad0cc700 Exception <a 'java/lang/NoSuchMethodError'{0x00000000a7930ec0}: 'java.lang.Object java.lang.invoke.DirectMethodHandle$Holder.invokeStaticInit(java.lang.Object, java.lang.Object, int, int, int, int)'> (0x00000000a7930ec0) 
thrown [s\src\hotspot\share\interpreter\linkResolver.cpp, line 771]
Event: 0.790 Thread 0x000001d2ad0cc700 Exception <a 'java/lang/NoSuchMethodError'{0x00000000a7983630}: 'java.lang.Object java.lang.invoke.DirectMethodHandle$Holder.invokeStatic(java.lang.Object, java.lang.Object, int)'> (0x00000000a7983630) 
thrown [s\src\hotspot\share\interpreter\linkResolver.cpp, line 771]
Event: 0.791 Thread 0x000001d2ad0cc700 Exception <a 'java/lang/NoSuchMethodError'{0x00000000a799d570}: 'java.lang.Object java.lang.invoke.DirectMethodHandle$Holder.invokeStaticInit(java.lang.Object, java.lang.Object, int)'> (0x00000000a799d570) 
thrown [s\src\hotspot\share\interpreter\linkResolver.cpp, line 771]
Event: 0.792 Thread 0x000001d2ad0cc700 Exception <a 'java/lang/NoSuchMethodError'{0x00000000a79a3920}: 'java.lang.Object java.lang.invoke.DirectMethodHandle$Holder.newInvokeSpecial(java.lang.Object, java.lang.Object, int)'> (0x00000000a79a3920) 
thrown [s\src\hotspot\share\interpreter\linkResolver.cpp, line 771]
Event: 0.800 Thread 0x000001d2ad0cc700 Exception <a 'java/lang/NoSuchMethodError'{0x00000000a79b30d0}: 'int java.lang.invoke.DirectMethodHandle$Holder.invokeStaticInit(java.lang.Object, java.lang.Object, java.lang.Object)'> (0x00000000a79b30d0) 
thrown [s\src\hotspot\share\interpreter\linkResolver.cpp, line 771]
Event: 0.805 Thread 0x000001d2ad0cc700 Exception <a 'java/lang/NoSuchMethodError'{0x00000000a79c32b0}: 'int java.lang.invoke.DirectMethodHandle$Holder.invokeSpecial(java.lang.Object, java.lang.Object, java.lang.Object)'> (0x00000000a79c32b0) 
thrown [s\src\hotspot\share\interpreter\linkResolver.cpp, line 771]
Event: 0.808 Thread 0x000001d2ad0cc700 Exception <a 'java/lang/NoSuchMethodError'{0x00000000a79cb690}: 'int java.lang.invoke.DirectMethodHandle$Holder.invokeSpecialIFC(java.lang.Object, java.lang.Object, java.lang.Object)'> (0x00000000a79cb690) 
thrown [s\src\hotspot\share\interpreter\linkResolver.cpp, line 771]
Event: 0.881 Thread 0x000001d2ad0cc700 Exception <a 'java/lang/NoSuchMethodError'{0x00000000a7858118}: 'java.lang.Object java.lang.invoke.DirectMethodHandle$Holder.invokeStaticInit(java.lang.Object)'> (0x00000000a7858118) 
thrown [s\src\hotspot\share\interpreter\linkResolver.cpp, line 771]
Event: 1.065 Thread 0x000001d2ad0cc700 Exception <a 'java/lang/NoSuchMethodError'{0x00000000a77c71e0}: 'java.lang.Object java.lang.invoke.DirectMethodHandle$Holder.newInvokeSpecial(java.lang.Object, java.lang.Object, java.lang.Object, java.lang.Object, java.lang.Object)'> (0x00000000a77c71e0) 
thrown [s\src\hotspot\share\interpreter\linkResolver.cpp, line 771]
Event: 1.144 Thread 0x000001d2ad0cc700 Exception <a 'java/lang/NoSuchMethodError'{0x00000000a7589978}: 'java.lang.Object java.lang.invoke.DirectMethodHandle$Holder.invokeSpecial(java.lang.Object, java.lang.Object, java.lang.Object, java.lang.Object, int)'> (0x00000000a7589978) 
thrown [s\src\hotspot\share\interpreter\linkResolver.cpp, line 771]
Event: 1.144 Thread 0x000001d2ad0cc700 Exception <a 'java/lang/NoSuchMethodError'{0x00000000a758d540}: 'java.lang.Object java.lang.invoke.Invokers$Holder.linkToTargetMethod(java.lang.Object, java.lang.Object, int, java.lang.Object)'> (0x00000000a758d540) 
thrown [s\src\hotspot\share\interpreter\linkResolver.cpp, line 771]
Event: 1.166 Thread 0x000001d2ad0cc700 Exception <a 'java/lang/NoSuchMethodError'{0x00000000a75edfd8}: 'void java.lang.invoke.DirectMethodHandle$Holder.invokeSpecial(java.lang.Object, java.lang.Object, java.lang.Object)'> (0x00000000a75edfd8) 
thrown [s\src\hotspot\share\interpreter\linkResolver.cpp, line 771]
Event: 1.206 Thread 0x000001d2ca19e060 Exception <a 'java/lang/NoSuchMethodError'{0x00000000a77ebb80}: 'void java.lang.invoke.DirectMethodHandle$Holder.invokeStatic(java.lang.Object, java.lang.Object, int)'> (0x00000000a77ebb80) 
thrown [s\src\hotspot\share\interpreter\linkResolver.cpp, line 771]
Event: 1.208 Thread 0x000001d2ad0cc700 Exception <a 'java/lang/NoSuchMethodError'{0x00000000a7474be8}: 'void java.lang.invoke.DirectMethodHandle$Holder.invokeSpecial(java.lang.Object, java.lang.Object, java.lang.Object, java.lang.Object, java.lang.Object)'> (0x00000000a7474be8) 
thrown [s\src\hotspot\share\interpreter\linkResolver.cpp, line 771]
Event: 1.226 Thread 0x000001d2ca2195d0 Exception <a 'java/lang/NoSuchMethodError'{0x00000000a74f5ef8}: 'void java.lang.invoke.DirectMethodHandle$Holder.invokeInterface(java.lang.Object, java.lang.Object, java.lang.Object)'> (0x00000000a74f5ef8) 
thrown [s\src\hotspot\share\interpreter\linkResolver.cpp, line 771]
Event: 1.232 Thread 0x000001d2ca2195d0 Exception <a 'java/lang/NoSuchMethodError'{0x00000000a734fb20}: 'int java.lang.invoke.DirectMethodHandle$Holder.invokeStaticInit(java.lang.Object, int, int)'> (0x00000000a734fb20) 
thrown [s\src\hotspot\share\interpreter\linkResolver.cpp, line 771]
Event: 1.247 Thread 0x000001d2ca2195d0 Exception <a 'java/lang/NoSuchMethodError'{0x00000000a73927f8}: 'void java.lang.invoke.DirectMethodHandle$Holder.invokeVirtual(java.lang.Object, java.lang.Object)'> (0x00000000a73927f8) 
thrown [s\src\hotspot\share\interpreter\linkResolver.cpp, line 771]
Event: 1.391 Thread 0x000001d2ca2195d0 Exception <a 'java/lang/NoSuchMethodError'{0x00000000a72aeff8}: 'void java.lang.invoke.DirectMethodHandle$Holder.invokeInterface(java.lang.Object, java.lang.Object)'> (0x00000000a72aeff8) 
thrown [s\src\hotspot\share\interpreter\linkResolver.cpp, line 771]
Event: 1.486 Thread 0x000001d2ca2195d0 Exception <a 'java/lang/NoSuchMethodError'{0x00000000a712fa00}: 'void java.lang.invoke.DirectMethodHandle$Holder.invokeStatic(java.lang.Object, java.lang.Object, java.lang.Object, java.lang.Object)'> (0x00000000a712fa00) 
thrown [s\src\hotspot\share\interpreter\linkResolver.cpp, line 771]
Event: 1.643 Thread 0x000001d2ca2195d0 Exception <a 'java/lang/NoSuchMethodError'{0x00000000a7c4cb80}: 'void java.lang.invoke.DirectMethodHandle$Holder.invokeSpecial(java.lang.Object, java.lang.Object, java.lang.Object, java.lang.Object, java.lang.Object, java.lang.Object, java.lang.Object)'> (0x00000000a7c4cb80) 
thrown [s\src\hotspot\share\interpreter\linkResolver.cpp, line 771]

VM Operations (10 events):
Event: 0.299 Executing VM operation: HandshakeAllThreads
Event: 0.299 Executing VM operation: HandshakeAllThreads done
Event: 0.341 Executing VM operation: HandshakeAllThreads
Event: 0.341 Executing VM operation: HandshakeAllThreads done
Event: 0.720 Executing VM operation: HandshakeAllThreads
Event: 0.720 Executing VM operation: HandshakeAllThreads done
Event: 0.887 Executing VM operation: HandshakeAllThreads
Event: 0.887 Executing VM operation: HandshakeAllThreads done
Event: 1.527 Executing VM operation: G1CollectForAllocation
Event: 1.542 Executing VM operation: G1CollectForAllocation done

Events (20 events):
Event: 1.622 loading class java/util/function/ToLongFunction
Event: 1.622 loading class java/util/function/ToLongFunction done
Event: 1.623 loading class java/util/stream/ReferencePipeline$5
Event: 1.623 loading class java/util/stream/LongPipeline$StatelessOp
Event: 1.623 loading class java/util/stream/LongPipeline
Event: 1.624 loading class java/util/stream/LongStream
Event: 1.624 loading class java/util/stream/LongStream done
Event: 1.625 loading class java/util/stream/LongPipeline done
Event: 1.625 loading class java/util/stream/LongPipeline$StatelessOp done
Event: 1.625 loading class java/util/stream/ReferencePipeline$5 done
Event: 1.625 loading class java/util/stream/FindOps$FindSink$OfLong
Event: 1.625 loading class java/util/stream/Sink$OfLong
Event: 1.625 loading class java/util/function/LongConsumer
Event: 1.625 loading class java/util/function/LongConsumer done
Event: 1.625 loading class java/util/stream/Sink$OfLong done
Event: 1.626 loading class java/util/stream/FindOps$FindSink$OfLong done
Event: 1.626 loading class java/util/OptionalLong
Event: 1.626 loading class java/util/OptionalLong done
Event: 1.628 loading class java/util/stream/ReferencePipeline$5$1
Event: 1.628 loading class java/util/stream/ReferencePipeline$5$1 done


Dynamic libraries:
0x00007ff6c3df0000 - 0x00007ff6c3dfa000 	C:\Program Files\JetBrains\IntelliJ IDEA Community Edition 2023.3.2\jbr\bin\java.exe
0x00007ffda6d70000 - 0x00007ffda6f87000 	C:\WINDOWS\SYSTEM32\ntdll.dll
0x00007ffda5b10000 - 0x00007ffda5bd4000 	C:\WINDOWS\System32\KERNEL32.DLL
0x00007ffda4710000 - 0x00007ffda4ab6000 	C:\WINDOWS\System32\KERNELBASE.dll
0x00007ffda4450000 - 0x00007ffda4561000 	C:\WINDOWS\System32\ucrtbase.dll
0x00007ffd86d80000 - 0x00007ffd86d9b000 	C:\Program Files\JetBrains\IntelliJ IDEA Community Edition 2023.3.2\jbr\bin\VCRUNTIME140.dll
0x00007ffd90c90000 - 0x00007ffd90ca7000 	C:\Program Files\JetBrains\IntelliJ IDEA Community Edition 2023.3.2\jbr\bin\jli.dll
0x00007ffda5960000 - 0x00007ffda5b0e000 	C:\WINDOWS\System32\USER32.dll
0x00007ffd94140000 - 0x00007ffd943d3000 	C:\WINDOWS\WinSxS\amd64_microsoft.windows.common-controls_6595b64144ccf1df_6.0.22621.2506_none_270c5ae97388e100\COMCTL32.dll
0x00007ffda4660000 - 0x00007ffda4686000 	C:\WINDOWS\System32\win32u.dll
0x00007ffda58b0000 - 0x00007ffda5957000 	C:\WINDOWS\System32\msvcrt.dll
0x00007ffda6ce0000 - 0x00007ffda6d09000 	C:\WINDOWS\System32\GDI32.dll
0x00007ffda4120000 - 0x00007ffda4238000 	C:\WINDOWS\System32\gdi32full.dll
0x00007ffda43b0000 - 0x00007ffda444a000 	C:\WINDOWS\System32\msvcp_win.dll
0x00007ffda5d80000 - 0x00007ffda5db1000 	C:\WINDOWS\System32\IMM32.DLL
0x00007ffd86d20000 - 0x00007ffd86d2c000 	C:\Program Files\JetBrains\IntelliJ IDEA Community Edition 2023.3.2\jbr\bin\vcruntime140_1.dll
0x00007ffd5f0c0000 - 0x00007ffd5f14d000 	C:\Program Files\JetBrains\IntelliJ IDEA Community Edition 2023.3.2\jbr\bin\msvcp140.dll
0x00007ffd5c4c0000 - 0x00007ffd5d142000 	C:\Program Files\JetBrains\IntelliJ IDEA Community Edition 2023.3.2\jbr\bin\server\jvm.dll
0x00007ffda6770000 - 0x00007ffda6823000 	C:\WINDOWS\System32\ADVAPI32.dll
0x00007ffda4c70000 - 0x00007ffda4d18000 	C:\WINDOWS\System32\sechost.dll
0x00007ffda4570000 - 0x00007ffda4598000 	C:\WINDOWS\System32\bcrypt.dll
0x00007ffda4ac0000 - 0x00007ffda4bd7000 	C:\WINDOWS\System32\RPCRT4.dll
0x00007ffda3f80000 - 0x00007ffda3fcd000 	C:\WINDOWS\SYSTEM32\POWRPROF.dll
0x00007ffd9c680000 - 0x00007ffd9c6b4000 	C:\WINDOWS\SYSTEM32\WINMM.dll
0x00007ffd7d6e0000 - 0x00007ffd7d6e9000 	C:\WINDOWS\SYSTEM32\WSOCK32.dll
0x00007ffd9c620000 - 0x00007ffd9c62a000 	C:\WINDOWS\SYSTEM32\VERSION.dll
0x00007ffda4be0000 - 0x00007ffda4c51000 	C:\WINDOWS\System32\WS2_32.dll
0x00007ffda3f60000 - 0x00007ffda3f73000 	C:\WINDOWS\SYSTEM32\UMPDC.dll
0x00007ffda30f0000 - 0x00007ffda3108000 	C:\WINDOWS\SYSTEM32\kernel.appcore.dll
0x00007ffda0eb0000 - 0x00007ffda0eba000 	C:\Program Files\JetBrains\IntelliJ IDEA Community Edition 2023.3.2\jbr\bin\jimage.dll
0x00007ffda1b10000 - 0x00007ffda1d43000 	C:\WINDOWS\SYSTEM32\DBGHELP.DLL
0x00007ffda5ee0000 - 0x00007ffda6269000 	C:\WINDOWS\System32\combase.dll
0x00007ffda4e80000 - 0x00007ffda4f57000 	C:\WINDOWS\System32\OLEAUT32.dll
0x00007ffd8e540000 - 0x00007ffd8e572000 	C:\WINDOWS\SYSTEM32\dbgcore.DLL
0x00007ffda4690000 - 0x00007ffda470a000 	C:\WINDOWS\System32\bcryptPrimitives.dll
0x00007ffd91150000 - 0x00007ffd91175000 	C:\Program Files\JetBrains\IntelliJ IDEA Community Edition 2023.3.2\jbr\bin\java.dll
0x00007ffd99970000 - 0x00007ffd99988000 	C:\Program Files\JetBrains\IntelliJ IDEA Community Edition 2023.3.2\jbr\bin\zip.dll
0x00007ffda4f70000 - 0x00007ffda57cb000 	C:\WINDOWS\System32\SHELL32.dll
0x00007ffda2010000 - 0x00007ffda2906000 	C:\WINDOWS\SYSTEM32\windows.storage.dll
0x00007ffda1ed0000 - 0x00007ffda200e000 	C:\WINDOWS\SYSTEM32\wintypes.dll
0x00007ffda6a50000 - 0x00007ffda6b43000 	C:\WINDOWS\System32\SHCORE.dll
0x00007ffda6830000 - 0x00007ffda688e000 	C:\WINDOWS\System32\shlwapi.dll
0x00007ffda3fe0000 - 0x00007ffda4006000 	C:\WINDOWS\SYSTEM32\profapi.dll
0x00007ffd93980000 - 0x00007ffd93999000 	C:\Program Files\JetBrains\IntelliJ IDEA Community Edition 2023.3.2\jbr\bin\net.dll
0x00007ffd9e1a0000 - 0x00007ffd9e2d7000 	C:\WINDOWS\SYSTEM32\WINHTTP.dll
0x00007ffda3570000 - 0x00007ffda35d9000 	C:\WINDOWS\system32\mswsock.dll
0x00007ffd91130000 - 0x00007ffd91146000 	C:\Program Files\JetBrains\IntelliJ IDEA Community Edition 2023.3.2\jbr\bin\nio.dll
0x00007ffda37c0000 - 0x00007ffda37db000 	C:\WINDOWS\SYSTEM32\CRYPTSP.dll
0x00007ffda3050000 - 0x00007ffda3085000 	C:\WINDOWS\system32\rsaenh.dll
0x00007ffda3660000 - 0x00007ffda368c000 	C:\WINDOWS\SYSTEM32\USERENV.dll
0x00007ffda37e0000 - 0x00007ffda37ec000 	C:\WINDOWS\SYSTEM32\CRYPTBASE.dll
0x00007ffda2bb0000 - 0x00007ffda2bdd000 	C:\WINDOWS\SYSTEM32\IPHLPAPI.DLL
0x00007ffda58a0000 - 0x00007ffda58a9000 	C:\WINDOWS\System32\NSI.dll
0x00007ffd9da50000 - 0x00007ffd9da69000 	C:\WINDOWS\SYSTEM32\dhcpcsvc6.DLL
0x00007ffd9da30000 - 0x00007ffd9da4f000 	C:\WINDOWS\SYSTEM32\dhcpcsvc.DLL
0x00007ffda2be0000 - 0x00007ffda2cd9000 	C:\WINDOWS\SYSTEM32\DNSAPI.dll
0x00007ffd9f130000 - 0x00007ffd9f13e000 	C:\Program Files\JetBrains\IntelliJ IDEA Community Edition 2023.3.2\jbr\bin\sunmscapi.dll
0x00007ffda4240000 - 0x00007ffda43a6000 	C:\WINDOWS\System32\CRYPT32.dll
0x00007ffda3960000 - 0x00007ffda398e000 	C:\WINDOWS\SYSTEM32\ncrypt.dll
0x00007ffda3920000 - 0x00007ffda3957000 	C:\WINDOWS\SYSTEM32\NTASN1.dll
0x00007ffd9eff0000 - 0x00007ffd9eff8000 	C:\WINDOWS\system32\wshunix.dll

dbghelp: loaded successfully - version: 4.0.5 - missing functions: none
symbol engine: initialized successfully - sym options: 0x614 - pdb path: .;C:\Program Files\JetBrains\IntelliJ IDEA Community Edition 2023.3.2\jbr\bin;C:\WINDOWS\SYSTEM32;C:\WINDOWS\WinSxS\amd64_microsoft.windows.common-controls_6595b64144ccf1df_6.0.22621.2506_none_270c5ae97388e100;C:\Program Files\JetBrains\IntelliJ IDEA Community Edition 2023.3.2\jbr\bin\server

VM Arguments:
java_command: git4idea.http.GitAskPassApp Username for 'https://github.com': 
java_class_path (initial): C:/Program Files/JetBrains/IntelliJ IDEA Community Edition 2023.3.2/plugins/vcs-git/lib/git4idea-rt.jar;C:/Program Files/JetBrains/IntelliJ IDEA Community Edition 2023.3.2/lib/externalProcess-rt.jar
Launcher Type: SUN_STANDARD

[Global flags]
     intx CICompilerCount                          = 3                                         {product} {ergonomic}
     uint ConcGCThreads                            = 1                                         {product} {ergonomic}
     uint G1ConcRefinementThreads                  = 4                                         {product} {ergonomic}
   size_t G1HeapRegionSize                         = 1048576                                   {product} {ergonomic}
    uintx GCDrainStackTargetSize                   = 64                                        {product} {ergonomic}
   size_t InitialHeapSize                          = 100663296                                 {product} {ergonomic}
   size_t MarkStackSize                            = 4194304                                   {product} {ergonomic}
   size_t MaxHeapSize                              = 1579155456                                {product} {ergonomic}
   size_t MaxNewSize                               = 946864128                                 {product} {ergonomic}
   size_t MinHeapDeltaBytes                        = 1048576                                   {product} {ergonomic}
   size_t MinHeapSize                              = 8388608                                   {product} {ergonomic}
    uintx NonNMethodCodeHeapSize                   = 5832780                                {pd product} {ergonomic}
    uintx NonProfiledCodeHeapSize                  = 122912730                              {pd product} {ergonomic}
    uintx ProfiledCodeHeapSize                     = 122912730                              {pd product} {ergonomic}
    uintx ReservedCodeCacheSize                    = 251658240                              {pd product} {ergonomic}
     bool SegmentedCodeCache                       = true                                      {product} {ergonomic}
   size_t SoftMaxHeapSize                          = 1579155456                             {manageable} {ergonomic}
     bool UseCompressedClassPointers               = true                           {product lp64_product} {ergonomic}
     bool UseCompressedOops                        = true                           {product lp64_product} {ergonomic}
     bool UseG1GC                                  = true                                      {product} {ergonomic}
     bool UseLargePagesIndividualAllocation        = false                                  {pd product} {ergonomic}

Logging:
Log output configuration:
 #0: stdout all=warning uptime,level,tags
 #1: stderr all=off uptime,level,tags

Environment Variables:
JAVA_HOME=C:\Program Files\java\jdk-21.0.2
PATH=C:\Program Files\Git\mingw64\libexec\git-core;C:\Program Files\Git\mingw64\libexec\git-core;C:\Program Files\Git\mingw64\bin;C:\Program Files\Git\usr\bin;C:\Users\LENOVO\bin;C:\Inprise\vbroker\bin;C:\Program Files (x86)\Borland\Delphi7\Bin;C:\Program Files (x86)\Borland\Delphi7\Projects\Bpl;C:\WINDOWS\system32;C:\WINDOWS\System32\Wbem;C:\WINDOWS\System32\WindowsPowerShell\v1.0;C:\WINDOWS\System32\OpenSSH;C:\xampp\php;C:\composer;C:\Program Files\nodejs;C:\FPC\3.2.2\bin\i386-Win32;C:\Program Files\Git\cmd;C:\Program Files\java\jdk-21.0.2\bin;C:\Users\LENOVO\AppData\Local\Microsoft\WindowsApps;C:\Users\LENOVO\AppData\Local\Programs\Microsoft VS Code\bin;C:\Users\LENOVO\AppData\Roaming\Composer\vendor\bin;C:\Users\LENOVO\AppData\Roaming\npm;C:\Users\LENOVO\AppData\Local\Google\Cloud SDK\google-cloud-sdk\bin
USERNAME=Derm_
DISPLAY=:0.0
LC_ALL=en_US.UTF-8
TERM=xterm-256color
TMPDIR=C:\Users\LENOVO\AppData\Local\Temp
OS=Windows_NT
PROCESSOR_IDENTIFIER=AMD64 Family 23 Model 24 Stepping 1, AuthenticAMD
TMP=C:\Users\LENOVO\AppData\Local\Temp
TEMP=C:\Users\LENOVO\AppData\Local\Temp



Periodic native trim disabled

JNI global refs:
JNI global refs: 18, weak refs: 0

JNI global refs memory usage: 843, weak refs: 841

OOME stack traces (most recent first):
Classloader memory used:
Loader bootstrap                                                                       : 1870K
Loader jdk.internal.loader.ClassLoaders$PlatformClassLoader                            : 232K
Loader jdk.internal.loader.ClassLoaders$AppClassLoader                                 : 2337B
Loader jdk.internal.reflect.DelegatingClassLoader                                      : 864B


---------------  S Y S T E M  ---------------

OS:
 Windows 11 , 64 bit Build 22621 (10.0.22621.3085)
OS uptime: 0 days 2:41 hours

CPU: total 4 (initial active 4) (4 cores per cpu, 2 threads per core) family 23 model 24 stepping 1 microcode 0x0, cx8, cmov, fxsr, ht, mmx, 3dnowpref, sse, sse2, sse3, ssse3, sse4a, sse4.1, sse4.2, popcnt, lzcnt, tsc, tscinvbit, avx, avx2, aes, clmul, bmi1, bmi2, adx, sha, fma, vzeroupper, clflush, clflushopt
Processor Information for all 4 processors :
  Max Mhz: 2600, Current Mhz: 2600, Mhz Limit: 2600

Memory: 4k page, system-wide physical 6020M (682M free)
TotalPageFile size 12336M (AvailPageFile size 3M)
current process WorkingSet (physical memory assigned to process): 72M, peak: 72M
current process commit charge ("private bytes"): 180M, peak: 181M

vm_info: OpenJDK 64-Bit Server VM (17.0.9+7-b1087.9) for windows-amd64 JRE (17.0.9+7-b1087.9), built on 2023-12-05 by "builduser" with MS VC++ 16.10 / 16.11 (VS2019)

END.
