#
# There is insufficient memory for the Java Runtime Environment to continue.
# Native memory allocation (mmap) failed to map 100663296 bytes for G1 virtual space
# Possible reasons:
#   The system is out of physical RAM or swap space
#   The process is running with CompressedOops enabled, and the Java Heap may be blocking the growth of the native heap
# Possible solutions:
#   Reduce memory load on the system
#   Increase physical memory or swap space
#   Check if swap backing store is full
#   Decrease Java heap size (-Xmx/-Xms)
#   Decrease number of Java threads
#   Decrease Java thread stack sizes (-Xss)
#   Set larger code cache with -XX:ReservedCodeCacheSize=
#   JVM is running with Unscaled Compressed Oops mode in which the Java heap is
#     placed in the first 4GB address space. The Java Heap base address is the
#     maximum limit for the native heap growth. Please use -XX:HeapBaseMinAddress
#     to set the Java Heap base and to place the Java Heap above 4GB virtual address.
# This output file may be truncated or incomplete.
#
#  Out of Memory Error (os_windows.cpp:3825), pid=10676, tid=3932
#
# JRE version:  (17.0.9+7) (build )
# Java VM: OpenJDK 64-Bit Server VM (17.0.9+7-b1087.9, mixed mode, sharing, tiered, compressed oops, compressed class ptrs, g1 gc, windows-amd64)
# No core dump will be written. Minidumps are not enabled by default on client versions of Windows
#

---------------  S U M M A R Y ------------

Command Line: git4idea.http.GitAskPassApp Username for 'https://github.com': 

Host: AMD Ryzen 3 3250U with Radeon Graphics         , 4 cores, 5G,  Windows 11 , 64 bit Build 22621 (10.0.22621.3085)
Time: Sun Mar 10 09:36:50 2024 Malay Peninsula Standard Time elapsed time: 0.029922 seconds (0d 0h 0m 0s)

---------------  T H R E A D  ---------------

Current thread (0x000001ecd621dbb0):  JavaThread "Unknown thread" [_thread_in_vm, id=3932, stack(0x000000e208900000,0x000000e208a00000)]

Stack: [0x000000e208900000,0x000000e208a00000]
Native frames: (J=compiled Java code, j=interpreted, Vv=VM code, C=native code)
V  [jvm.dll+0x688349]
V  [jvm.dll+0x841bfa]
V  [jvm.dll+0x84383e]
V  [jvm.dll+0x843ea3]
V  [jvm.dll+0x24bdef]
V  [jvm.dll+0x6850f9]
V  [jvm.dll+0x67988a]
V  [jvm.dll+0x30cbfb]
V  [jvm.dll+0x3140a6]
V  [jvm.dll+0x363ede]
V  [jvm.dll+0x36410f]
V  [jvm.dll+0x2e29c8]
V  [jvm.dll+0x2e3934]
V  [jvm.dll+0x812771]
V  [jvm.dll+0x371d41]
V  [jvm.dll+0x7f12bc]
V  [jvm.dll+0x3f59cf]
V  [jvm.dll+0x3f7601]
C  [jli.dll+0x528f]
C  [ucrtbase.dll+0x29363]
C  [KERNEL32.DLL+0x1257d]
C  [ntdll.dll+0x5aa58]


---------------  P R O C E S S  ---------------

Threads class SMR info:
_java_thread_list=0x00007ffd5cffdf18, length=0, elements={
}

Java Threads: ( => current thread )

Other Threads:
  0x000001ecd6267730 GCTaskThread "GC Thread#0" [stack: 0x000000e208a00000,0x000000e208b00000] [id=18960]
  0x000001ecd62742c0 ConcurrentGCThread "G1 Main Marker" [stack: 0x000000e208b00000,0x000000e208c00000] [id=18620]
  0x000001ecd6275480 ConcurrentGCThread "G1 Conc#0" [stack: 0x000000e208c00000,0x000000e208d00000] [id=9908]

[error occurred during error reporting (printing all threads), id 0xc0000005, EXCEPTION_ACCESS_VIOLATION (0xc0000005) at pc=0x00007ffd5c7b3597]

VM state: not at safepoint (not fully initialized)

VM Mutex/Monitor currently owned by a thread:  ([mutex/lock_event])
[0x000001ecd6217c90] Heap_lock - owner thread: 0x000001ecd621dbb0

Heap address: 0x00000000a1e00000, size: 1506 MB, Compressed Oops mode: 32-bit

CDS archive(s) mapped at: [0x0000000000000000-0x0000000000000000-0x0000000000000000), size 0, SharedBaseAddress: 0x0000000800000000, ArchiveRelocationMode: 1.
Narrow klass base: 0x0000000000000000, Narrow klass shift: 0, Narrow klass range: 0x0

GC Precious Log:
<Empty>

Heap:
 garbage-first heap   total 0K, used 0K [0x00000000a1e00000, 0x0000000100000000)
  region size 1024K, 0 young (0K), 0 survivors (0K)
 Metaspace       used 0K, committed 0K, reserved 0K
  class space    used 0K, committed 0K, reserved 0K

Heap Regions: E=young(eden), S=young(survivor), O=old, HS=humongous(starts), HC=humongous(continues), CS=collection set, F=free, OA=open archive, CA=closed archive, TAMS=top-at-mark-start (previous, next)

Card table byte_map: [0x000001ece8c90000,0x000001ece8f90000] _byte_map_base: 0x000001ece8781000

Marking Bits (Prev, Next): (CMBitMap*) 0x000001ecd6267d50, (CMBitMap*) 0x000001ecd6267d90
 Prev Bits: [0x000001ece9290000, 0x000001eceaa18000)
 Next Bits: [0x000001eceaa20000, 0x000001ecec1a8000)

GC Heap History (0 events):
No events

Dll operation events (1 events):
Event: 0.020 Loaded shared library C:\Program Files\JetBrains\IntelliJ IDEA Community Edition 2023.3.2\jbr\bin\java.dll

Deoptimization events (0 events):
No events

Classes unloaded (0 events):
No events

Classes redefined (0 events):
No events

Internal exceptions (0 events):
No events

VM Operations (0 events):
No events

Events (0 events):
No events


Dynamic libraries:
0x00007ff6c3df0000 - 0x00007ff6c3dfa000 	C:\Program Files\JetBrains\IntelliJ IDEA Community Edition 2023.3.2\jbr\bin\java.exe
0x00007ffda6d70000 - 0x00007ffda6f87000 	C:\WINDOWS\SYSTEM32\ntdll.dll
0x00007ffda5b10000 - 0x00007ffda5bd4000 	C:\WINDOWS\System32\KERNEL32.DLL
0x00007ffda4710000 - 0x00007ffda4ab6000 	C:\WINDOWS\System32\KERNELBASE.dll
0x00007ffda4450000 - 0x00007ffda4561000 	C:\WINDOWS\System32\ucrtbase.dll
0x00007ffd8caa0000 - 0x00007ffd8cabb000 	C:\Program Files\JetBrains\IntelliJ IDEA Community Edition 2023.3.2\jbr\bin\VCRUNTIME140.dll
0x00007ffd90c90000 - 0x00007ffd90ca7000 	C:\Program Files\JetBrains\IntelliJ IDEA Community Edition 2023.3.2\jbr\bin\jli.dll
0x00007ffda5960000 - 0x00007ffda5b0e000 	C:\WINDOWS\System32\USER32.dll
0x00007ffda4660000 - 0x00007ffda4686000 	C:\WINDOWS\System32\win32u.dll
0x00007ffd94140000 - 0x00007ffd943d3000 	C:\WINDOWS\WinSxS\amd64_microsoft.windows.common-controls_6595b64144ccf1df_6.0.22621.2506_none_270c5ae97388e100\COMCTL32.dll
0x00007ffda6ce0000 - 0x00007ffda6d09000 	C:\WINDOWS\System32\GDI32.dll
0x00007ffda58b0000 - 0x00007ffda5957000 	C:\WINDOWS\System32\msvcrt.dll
0x00007ffda4120000 - 0x00007ffda4238000 	C:\WINDOWS\System32\gdi32full.dll
0x00007ffda43b0000 - 0x00007ffda444a000 	C:\WINDOWS\System32\msvcp_win.dll
0x00007ffda5d80000 - 0x00007ffda5db1000 	C:\WINDOWS\System32\IMM32.DLL
0x00007ffd8ca90000 - 0x00007ffd8ca9c000 	C:\Program Files\JetBrains\IntelliJ IDEA Community Edition 2023.3.2\jbr\bin\vcruntime140_1.dll
0x00007ffd690b0000 - 0x00007ffd6913d000 	C:\Program Files\JetBrains\IntelliJ IDEA Community Edition 2023.3.2\jbr\bin\msvcp140.dll
0x00007ffd5c4c0000 - 0x00007ffd5d142000 	C:\Program Files\JetBrains\IntelliJ IDEA Community Edition 2023.3.2\jbr\bin\server\jvm.dll
0x00007ffda6770000 - 0x00007ffda6823000 	C:\WINDOWS\System32\ADVAPI32.dll
0x00007ffda4c70000 - 0x00007ffda4d18000 	C:\WINDOWS\System32\sechost.dll
0x00007ffda4570000 - 0x00007ffda4598000 	C:\WINDOWS\System32\bcrypt.dll
0x00007ffda4ac0000 - 0x00007ffda4bd7000 	C:\WINDOWS\System32\RPCRT4.dll
0x00007ffda3f80000 - 0x00007ffda3fcd000 	C:\WINDOWS\SYSTEM32\POWRPROF.dll
0x00007ffd7d6e0000 - 0x00007ffd7d6e9000 	C:\WINDOWS\SYSTEM32\WSOCK32.dll
0x00007ffd9c680000 - 0x00007ffd9c6b4000 	C:\WINDOWS\SYSTEM32\WINMM.dll
0x00007ffda4be0000 - 0x00007ffda4c51000 	C:\WINDOWS\System32\WS2_32.dll
0x00007ffd9c620000 - 0x00007ffd9c62a000 	C:\WINDOWS\SYSTEM32\VERSION.dll
0x00007ffda3f60000 - 0x00007ffda3f73000 	C:\WINDOWS\SYSTEM32\UMPDC.dll
0x00007ffda30f0000 - 0x00007ffda3108000 	C:\WINDOWS\SYSTEM32\kernel.appcore.dll
0x00007ffda0eb0000 - 0x00007ffda0eba000 	C:\Program Files\JetBrains\IntelliJ IDEA Community Edition 2023.3.2\jbr\bin\jimage.dll
0x00007ffda1b10000 - 0x00007ffda1d43000 	C:\WINDOWS\SYSTEM32\DBGHELP.DLL
0x00007ffda5ee0000 - 0x00007ffda6269000 	C:\WINDOWS\System32\combase.dll
0x00007ffda4e80000 - 0x00007ffda4f57000 	C:\WINDOWS\System32\OLEAUT32.dll
0x00007ffd8e540000 - 0x00007ffd8e572000 	C:\WINDOWS\SYSTEM32\dbgcore.DLL
0x00007ffda4690000 - 0x00007ffda470a000 	C:\WINDOWS\System32\bcryptPrimitives.dll
0x00007ffd91150000 - 0x00007ffd91175000 	C:\Program Files\JetBrains\IntelliJ IDEA Community Edition 2023.3.2\jbr\bin\java.dll

dbghelp: loaded successfully - version: 4.0.5 - missing functions: none
symbol engine: initialized successfully - sym options: 0x614 - pdb path: .;C:\Program Files\JetBrains\IntelliJ IDEA Community Edition 2023.3.2\jbr\bin;C:\WINDOWS\SYSTEM32;C:\WINDOWS\WinSxS\amd64_microsoft.windows.common-controls_6595b64144ccf1df_6.0.22621.2506_none_270c5ae97388e100;C:\Program Files\JetBrains\IntelliJ IDEA Community Edition 2023.3.2\jbr\bin\server

VM Arguments:
java_command: git4idea.http.GitAskPassApp Username for 'https://github.com': 
java_class_path (initial): C:/Program Files/JetBrains/IntelliJ IDEA Community Edition 2023.3.2/plugins/vcs-git/lib/git4idea-rt.jar;C:/Program Files/JetBrains/IntelliJ IDEA Community Edition 2023.3.2/lib/externalProcess-rt.jar
Launcher Type: SUN_STANDARD

[Global flags]
     intx CICompilerCount                          = 3                                         {product} {ergonomic}
     uint ConcGCThreads                            = 1                                         {product} {ergonomic}
     uint G1ConcRefinementThreads                  = 4                                         {product} {ergonomic}
   size_t G1HeapRegionSize                         = 1048576                                   {product} {ergonomic}
    uintx GCDrainStackTargetSize                   = 64                                        {product} {ergonomic}
   size_t InitialHeapSize                          = 100663296                                 {product} {ergonomic}
   size_t MarkStackSize                            = 4194304                                   {product} {ergonomic}
   size_t MaxHeapSize                              = 1579155456                                {product} {ergonomic}
   size_t MinHeapDeltaBytes                        = 1048576                                   {product} {ergonomic}
   size_t MinHeapSize                              = 8388608                                   {product} {ergonomic}
    uintx NonNMethodCodeHeapSize                   = 5832780                                {pd product} {ergonomic}
    uintx NonProfiledCodeHeapSize                  = 122912730                              {pd product} {ergonomic}
    uintx ProfiledCodeHeapSize                     = 122912730                              {pd product} {ergonomic}
    uintx ReservedCodeCacheSize                    = 251658240                              {pd product} {ergonomic}
     bool SegmentedCodeCache                       = true                                      {product} {ergonomic}
   size_t SoftMaxHeapSize                          = 1579155456                             {manageable} {ergonomic}
     bool UseCompressedClassPointers               = true                           {product lp64_product} {ergonomic}
     bool UseCompressedOops                        = true                           {product lp64_product} {ergonomic}
     bool UseG1GC                                  = true                                      {product} {ergonomic}
     bool UseLargePagesIndividualAllocation        = false                                  {pd product} {ergonomic}

Logging:
Log output configuration:
 #0: stdout all=warning uptime,level,tags
 #1: stderr all=off uptime,level,tags

Environment Variables:
JAVA_HOME=C:\Program Files\java\jdk-21.0.2
PATH=C:\Program Files\Git\mingw64\libexec\git-core;C:\Program Files\Git\mingw64\libexec\git-core;C:\Program Files\Git\mingw64\bin;C:\Program Files\Git\usr\bin;C:\Users\LENOVO\bin;C:\Inprise\vbroker\bin;C:\Program Files (x86)\Borland\Delphi7\Bin;C:\Program Files (x86)\Borland\Delphi7\Projects\Bpl;C:\WINDOWS\system32;C:\WINDOWS\System32\Wbem;C:\WINDOWS\System32\WindowsPowerShell\v1.0;C:\WINDOWS\System32\OpenSSH;C:\xampp\php;C:\composer;C:\Program Files\nodejs;C:\FPC\3.2.2\bin\i386-Win32;C:\Program Files\Git\cmd;C:\Program Files\java\jdk-21.0.2\bin;C:\Users\LENOVO\AppData\Local\Microsoft\WindowsApps;C:\Users\LENOVO\AppData\Local\Programs\Microsoft VS Code\bin;C:\Users\LENOVO\AppData\Roaming\Composer\vendor\bin;C:\Users\LENOVO\AppData\Roaming\npm;C:\Users\LENOVO\AppData\Local\Google\Cloud SDK\google-cloud-sdk\bin
USERNAME=Derm_
DISPLAY=:0.0
LC_ALL=en_US.UTF-8
TERM=xterm-256color
TMPDIR=C:\Users\LENOVO\AppData\Local\Temp
OS=Windows_NT
PROCESSOR_IDENTIFIER=AMD64 Family 23 Model 24 Stepping 1, AuthenticAMD
TMP=C:\Users\LENOVO\AppData\Local\Temp
TEMP=C:\Users\LENOVO\AppData\Local\Temp



Periodic native trim disabled

JNI global refs:
JNI global refs: 0, weak refs: 0

JNI global refs memory usage: 0, weak refs: 0

OOME stack traces (most recent first):
Classloader memory used:


---------------  S Y S T E M  ---------------

OS:
 Windows 11 , 64 bit Build 22621 (10.0.22621.3085)
OS uptime: 0 days 2:42 hours

CPU: total 4 (initial active 4) (4 cores per cpu, 2 threads per core) family 23 model 24 stepping 1 microcode 0x0, cx8, cmov, fxsr, ht, mmx, 3dnowpref, sse, sse2, sse3, ssse3, sse4a, sse4.1, sse4.2, popcnt, lzcnt, tsc, tscinvbit, avx, avx2, aes, clmul, bmi1, bmi2, adx, sha, fma, vzeroupper, clflush, clflushopt
Processor Information for all 4 processors :
  Max Mhz: 2600, Current Mhz: 2600, Mhz Limit: 2600

Memory: 4k page, system-wide physical 6020M (530M free)
TotalPageFile size 12336M (AvailPageFile size 7M)
current process WorkingSet (physical memory assigned to process): 11M, peak: 11M
current process commit charge ("private bytes"): 51M, peak: 147M

vm_info: OpenJDK 64-Bit Server VM (17.0.9+7-b1087.9) for windows-amd64 JRE (17.0.9+7-b1087.9), built on 2023-12-05 by "builduser" with MS VC++ 16.10 / 16.11 (VS2019)

END.
