#
# There is insufficient memory for the Java Runtime Environment to continue.
# Native memory allocation (mmap) failed to map 65536 bytes for Failed to commit metaspace.
# Possible reasons:
#   The system is out of physical RAM or swap space
#   The process is running with CompressedOops enabled, and the Java Heap may be blocking the growth of the native heap
# Possible solutions:
#   Reduce memory load on the system
#   Increase physical memory or swap space
#   Check if swap backing store is full
#   Decrease Java heap size (-Xmx/-Xms)
#   Decrease number of Java threads
#   Decrease Java thread stack sizes (-Xss)
#   Set larger code cache with -XX:ReservedCodeCacheSize=
#   JVM is running with Unscaled Compressed Oops mode in which the Java heap is
#     placed in the first 4GB address space. The Java Heap base address is the
#     maximum limit for the native heap growth. Please use -XX:HeapBaseMinAddress
#     to set the Java Heap base and to place the Java Heap above 4GB virtual address.
# This output file may be truncated or incomplete.
#
#  Out of Memory Error (virtualSpaceNode.cpp:110), pid=15592, tid=16676
#
# JRE version: OpenJDK Runtime Environment JBR-17.0.9+7-1087.9-jcef (17.0.9+7) (build 17.0.9+7-b1087.9)
# Java VM: OpenJDK 64-Bit Server VM JBR-17.0.9+7-1087.9-jcef (17.0.9+7-b1087.9, mixed mode, tiered, compressed oops, compressed class ptrs, g1 gc, windows-amd64)
# No core dump will be written. Minidumps are not enabled by default on client versions of Windows
#

---------------  S U M M A R Y ------------

Command Line: git4idea.http.GitAskPassApp Username for 'https://github.com': 

Host: AMD Ryzen 3 3250U with Radeon Graphics         , 4 cores, 5G,  Windows 11 , 64 bit Build 22621 (10.0.22621.3085)
Time: Sun Mar 10 09:37:53 2024 Malay Peninsula Standard Time elapsed time: 1.679636 seconds (0d 0h 0m 1s)

---------------  T H R E A D  ---------------

Current thread (0x000001981e95c490):  JavaThread "main" [_thread_in_vm, id=16676, stack(0x0000005503400000,0x0000005503500000)]

Stack: [0x0000005503400000,0x0000005503500000]
Native frames: (J=compiled Java code, j=interpreted, Vv=VM code, C=native code)
V  [jvm.dll+0x688349]
V  [jvm.dll+0x841bfa]
V  [jvm.dll+0x84383e]
V  [jvm.dll+0x843ea3]
V  [jvm.dll+0x24bdef]
V  [jvm.dll+0x83cbdb]
V  [jvm.dll+0x62c746]
V  [jvm.dll+0x1c2eee]
V  [jvm.dll+0x62f0a1]
V  [jvm.dll+0x62d0e6]
V  [jvm.dll+0x240ec0]
V  [jvm.dll+0x1efb1b]
V  [jvm.dll+0x1e543c]
V  [jvm.dll+0x54de4c]
V  [jvm.dll+0x1f5feb]
V  [jvm.dll+0x7ba30b]
V  [jvm.dll+0x7bb77c]
V  [jvm.dll+0x7bbac8]
V  [jvm.dll+0x24384e]
V  [jvm.dll+0x387f4e]
C  0x000001982961b5bb

The last pc belongs to new (printed below).
Java frames: (J=compiled Java code, j=interpreted, Vv=VM code)
j  sun.nio.ch.PipeImpl$Initializer$LoopbackConnector.run()V+165 java.base@17.0.9
j  sun.nio.ch.PipeImpl$Initializer.run()Ljava/lang/Void;+10 java.base@17.0.9
j  sun.nio.ch.PipeImpl$Initializer.run()Ljava/lang/Object;+1 java.base@17.0.9
j  java.security.AccessController.executePrivileged(Ljava/security/PrivilegedExceptionAction;Ljava/security/AccessControlContext;Ljava/lang/Class;)Ljava/lang/Object;+29 java.base@17.0.9
j  java.security.AccessController.doPrivileged(Ljava/security/PrivilegedExceptionAction;)Ljava/lang/Object;+9 java.base@17.0.9
j  sun.nio.ch.PipeImpl.<init>(Ljava/nio/channels/spi/SelectorProvider;ZZ)V+17 java.base@17.0.9
j  sun.nio.ch.WEPollSelectorImpl.<init>(Ljava/nio/channels/spi/SelectorProvider;)V+74 java.base@17.0.9
j  sun.nio.ch.WEPollSelectorProvider.openSelector()Ljava/nio/channels/spi/AbstractSelector;+5 java.base@17.0.9
j  java.nio.channels.Selector.open()Ljava/nio/channels/Selector;+3 java.base@17.0.9
j  jdk.internal.net.http.HttpClientImpl$SelectorManager.<init>(Ljdk/internal/net/http/HttpClientImpl;)V+69 java.net.http@17.0.9
j  jdk.internal.net.http.HttpClientImpl.<init>(Ljdk/internal/net/http/HttpClientBuilderImpl;Ljdk/internal/net/http/HttpClientImpl$SingleFacadeFactory;)V+474 java.net.http@17.0.9
j  jdk.internal.net.http.HttpClientImpl.create(Ljdk/internal/net/http/HttpClientBuilderImpl;)Ljdk/internal/net/http/HttpClientFacade;+14 java.net.http@17.0.9
j  jdk.internal.net.http.HttpClientBuilderImpl.build()Ljava/net/http/HttpClient;+1 java.net.http@17.0.9
j  externalApp.ExternalAppUtil.sendIdeRequest(Ljava/lang/String;ILjava/lang/String;Ljava/lang/String;)LexternalApp/ExternalAppUtil$Result;+77
j  git4idea.http.GitAskPassApp.main([Ljava/lang/String;)V+37
v  ~StubRoutines::call_stub
new  187 new  [0x000001982961b420, 0x000001982961b640]  544 bytes
[MachCode]
  0x000001982961b420: 4883 ec08 | c5fa 1104 | 24eb 1f48 | 83ec 10c5 | fb11 0424 | eb14 4883 | ec10 4889 | 0424 48c7 
  0x000001982961b440: 4424 0800 | 0000 00eb | 0150 410f | b755 010f | cac1 ea10 | 488b 4de8 | 488b 4908 | 488b 4908 
  0x000001982961b460: 488b 4108 | 807c 1004 | 070f 85d6 | 0000 0066 | 8b54 d148 | 488b 4928 | 488b 4cd1 | 0851 80b9 
  0x000001982961b480: 5b01 0000 | 040f 85b9 | 0000 008b | 5108 f7c2 | 0100 0000 | 0f85 aa00 | 0000 498b | 8708 0100 
  0x000001982961b4a0: 0048 8d1c | 1049 3b9f | 1801 0000 | 0f87 9200 | 0000 4989 | 9f08 0100 | 00e9 0000 | 0000 4883 
  0x000001982961b4c0: ea10 0f84 | 0f00 0000 | 33c9 c1ea | 0348 894c | d008 48ff | ca75 f648 | c700 0100 | 0000 5933 
  0x000001982961b4e0: f689 700c | 48c1 e903 | 8948 0849 | ba3e 2905 | 5dfd 7f00 | 0041 803a | 000f 8440 | 0000 0050 
  0x000001982961b500: 488b c848 | 83ec 20f7 | c40f 0000 | 000f 841a | 0000 0048 | 83ec 0849 | bad0 eaba | 5cfd 7f00 
  0x000001982961b520: 0041 ffd2 | 4883 c408 | e90d 0000 | 0049 bad0 | eaba 5cfd | 7f00 0041 | ffd2 4883 | c420 58e9 
  0x000001982961b540: cd00 0000 | 5948 8b55 | e848 8b52 | 0848 8b52 | 0845 0fb7 | 4501 410f | c841 c1e8 | 10e8 0500 
  0x000001982961b560: 0000 e9aa | 0000 0048 | 8d44 2408 | 4c89 6dc0 | 498b cfc5 | f877 4989 | afa8 0200 | 0049 8987 
  0x000001982961b580: 9802 0000 | 4883 ec20 | f7c4 0f00 | 0000 0f84 | 1a00 0000 | 4883 ec08 | 49ba 007f | 845c fd7f 
  0x000001982961b5a0: 0000 41ff | d248 83c4 | 08e9 0d00 | 0000 49ba | 007f 845c | fd7f 0000 | 41ff d248 | 83c4 2049 
  0x000001982961b5c0: c787 9802 | 0000 0000 | 0000 49c7 | 87a8 0200 | 0000 0000 | 0049 c787 | a002 0000 | 0000 0000 
  0x000001982961b5e0: c5f8 7749 | 817f 0800 | 0000 000f | 8405 0000 | 00e9 0a59 | feff 498b | 87f0 0200 | 0049 c787 
  0x000001982961b600: f002 0000 | 0000 0000 | 4c8b 6dc0 | 4c8b 75c8 | c341 0fb6 | 5d03 4983 | c503 49ba | 408f 075d 
  0x000001982961b620: fd7f 0000 | 41ff 24da | 0000 0000 | 0000 0000 | 0000 0000 | 0000 0000 | 0000 0000 | 0000 0000 
[/MachCode]

---------------  P R O C E S S  ---------------

Threads class SMR info:
_java_thread_list=0x000001983b1c4870, length=12, elements={
0x000001981e95c490, 0x0000019836df1010, 0x0000019836df38c0, 0x0000019836e1ae40,
0x0000019836e1ba00, 0x0000019836e1c5c0, 0x000001983b11abb0, 0x000001983b11b950,
0x000001983b123690, 0x000001983b13e720, 0x000001983b27f8b0, 0x000001983b296010
}

Java Threads: ( => current thread )
=>0x000001981e95c490 JavaThread "main" [_thread_in_vm, id=16676, stack(0x0000005503400000,0x0000005503500000)]
  0x0000019836df1010 JavaThread "Reference Handler" daemon [_thread_blocked, id=4132, stack(0x0000005503b00000,0x0000005503c00000)]
  0x0000019836df38c0 JavaThread "Finalizer" daemon [_thread_blocked, id=4764, stack(0x0000005503c00000,0x0000005503d00000)]
  0x0000019836e1ae40 JavaThread "Signal Dispatcher" daemon [_thread_blocked, id=14456, stack(0x0000005503d00000,0x0000005503e00000)]
  0x0000019836e1ba00 JavaThread "Attach Listener" daemon [_thread_blocked, id=8252, stack(0x0000005503e00000,0x0000005503f00000)]
  0x0000019836e1c5c0 JavaThread "Service Thread" daemon [_thread_blocked, id=804, stack(0x0000005503f00000,0x0000005504000000)]
  0x000001983b11abb0 JavaThread "Monitor Deflation Thread" daemon [_thread_blocked, id=5336, stack(0x0000005504000000,0x0000005504100000)]
  0x000001983b11b950 JavaThread "C2 CompilerThread0" daemon [_thread_blocked, id=2160, stack(0x0000005504100000,0x0000005504200000)]
  0x000001983b123690 JavaThread "C1 CompilerThread0" daemon [_thread_blocked, id=13948, stack(0x0000005504200000,0x0000005504300000)]
  0x000001983b13e720 JavaThread "Sweeper thread" daemon [_thread_blocked, id=1684, stack(0x0000005504300000,0x0000005504400000)]
  0x000001983b27f8b0 JavaThread "Notification Thread" daemon [_thread_blocked, id=4264, stack(0x0000005504400000,0x0000005504500000)]
  0x000001983b296010 JavaThread "Common-Cleaner" daemon [_thread_blocked, id=2928, stack(0x0000005504600000,0x0000005504700000)]

Other Threads:
  0x0000019836dcea30 VMThread "VM Thread" [stack: 0x0000005503a00000,0x0000005503b00000] [id=6180]
  0x000001983b27fd90 WatcherThread [stack: 0x0000005504500000,0x0000005504600000] [id=13420]
  0x000001981e9a7ca0 GCTaskThread "GC Thread#0" [stack: 0x0000005503500000,0x0000005503600000] [id=9700]
  0x000001981e9b4830 ConcurrentGCThread "G1 Main Marker" [stack: 0x0000005503600000,0x0000005503700000] [id=5952]
  0x000001981e9b5250 ConcurrentGCThread "G1 Conc#0" [stack: 0x0000005503700000,0x0000005503800000] [id=7980]
  0x000001981ea090b0 ConcurrentGCThread "G1 Refine#0" [stack: 0x0000005503800000,0x0000005503900000] [id=18584]
  0x000001981ea09ae0 ConcurrentGCThread "G1 Service" [stack: 0x0000005503900000,0x0000005503a00000] [id=14984]

Threads with active compile tasks:

VM state: not at safepoint (normal execution)

VM Mutex/Monitor currently owned by a thread:  ([mutex/lock_event])
[0x000001981e955350] Metaspace_lock - owner thread: 0x000001981e95c490

Heap address: 0x00000000a1e00000, size: 1506 MB, Compressed Oops mode: 32-bit

CDS archive(s) not mapped
Compressed class space mapped at: 0x0000000100000000-0x0000000140000000, reserved size: 1073741824
Narrow klass base: 0x0000000000000000, Narrow klass shift: 3, Narrow klass range: 0x140000000

GC Precious Log:
 CPUs: 4 total, 4 available
 Memory: 6020M
 Large Page Support: Disabled
 NUMA Support: Disabled
 Compressed Oops: Enabled (32-bit)
 Heap Region Size: 1M
 Heap Min Capacity: 8M
 Heap Initial Capacity: 96M
 Heap Max Capacity: 1506M
 Pre-touch: Disabled
 Parallel Workers: 4
 Concurrent Workers: 1
 Concurrent Refinement Workers: 4
 Periodic GC: Disabled

Heap:
 garbage-first heap   total 98304K, used 6144K [0x00000000a1e00000, 0x0000000100000000)
  region size 1024K, 7 young (7168K), 0 survivors (0K)
 Metaspace       used 12659K, committed 12736K, reserved 1114112K
  class space    used 1242K, committed 1280K, reserved 1048576K

Heap Regions: E=young(eden), S=young(survivor), O=old, HS=humongous(starts), HC=humongous(continues), CS=collection set, F=free, OA=open archive, CA=closed archive, TAMS=top-at-mark-start (previous, next)
|   0|0x00000000a1e00000, 0x00000000a1e00000, 0x00000000a1f00000|  0%| F|  |TAMS 0x00000000a1e00000, 0x00000000a1e00000| Untracked 
|   1|0x00000000a1f00000, 0x00000000a1f00000, 0x00000000a2000000|  0%| F|  |TAMS 0x00000000a1f00000, 0x00000000a1f00000| Untracked 
|   2|0x00000000a2000000, 0x00000000a2000000, 0x00000000a2100000|  0%| F|  |TAMS 0x00000000a2000000, 0x00000000a2000000| Untracked 
|   3|0x00000000a2100000, 0x00000000a2100000, 0x00000000a2200000|  0%| F|  |TAMS 0x00000000a2100000, 0x00000000a2100000| Untracked 
|   4|0x00000000a2200000, 0x00000000a2200000, 0x00000000a2300000|  0%| F|  |TAMS 0x00000000a2200000, 0x00000000a2200000| Untracked 
|   5|0x00000000a2300000, 0x00000000a2300000, 0x00000000a2400000|  0%| F|  |TAMS 0x00000000a2300000, 0x00000000a2300000| Untracked 
|   6|0x00000000a2400000, 0x00000000a2400000, 0x00000000a2500000|  0%| F|  |TAMS 0x00000000a2400000, 0x00000000a2400000| Untracked 
|   7|0x00000000a2500000, 0x00000000a2500000, 0x00000000a2600000|  0%| F|  |TAMS 0x00000000a2500000, 0x00000000a2500000| Untracked 
|   8|0x00000000a2600000, 0x00000000a2600000, 0x00000000a2700000|  0%| F|  |TAMS 0x00000000a2600000, 0x00000000a2600000| Untracked 
|   9|0x00000000a2700000, 0x00000000a2700000, 0x00000000a2800000|  0%| F|  |TAMS 0x00000000a2700000, 0x00000000a2700000| Untracked 
|  10|0x00000000a2800000, 0x00000000a2800000, 0x00000000a2900000|  0%| F|  |TAMS 0x00000000a2800000, 0x00000000a2800000| Untracked 
|  11|0x00000000a2900000, 0x00000000a2900000, 0x00000000a2a00000|  0%| F|  |TAMS 0x00000000a2900000, 0x00000000a2900000| Untracked 
|  12|0x00000000a2a00000, 0x00000000a2a00000, 0x00000000a2b00000|  0%| F|  |TAMS 0x00000000a2a00000, 0x00000000a2a00000| Untracked 
|  13|0x00000000a2b00000, 0x00000000a2b00000, 0x00000000a2c00000|  0%| F|  |TAMS 0x00000000a2b00000, 0x00000000a2b00000| Untracked 
|  14|0x00000000a2c00000, 0x00000000a2c00000, 0x00000000a2d00000|  0%| F|  |TAMS 0x00000000a2c00000, 0x00000000a2c00000| Untracked 
|  15|0x00000000a2d00000, 0x00000000a2d00000, 0x00000000a2e00000|  0%| F|  |TAMS 0x00000000a2d00000, 0x00000000a2d00000| Untracked 
|  16|0x00000000a2e00000, 0x00000000a2e00000, 0x00000000a2f00000|  0%| F|  |TAMS 0x00000000a2e00000, 0x00000000a2e00000| Untracked 
|  17|0x00000000a2f00000, 0x00000000a2f00000, 0x00000000a3000000|  0%| F|  |TAMS 0x00000000a2f00000, 0x00000000a2f00000| Untracked 
|  18|0x00000000a3000000, 0x00000000a3000000, 0x00000000a3100000|  0%| F|  |TAMS 0x00000000a3000000, 0x00000000a3000000| Untracked 
|  19|0x00000000a3100000, 0x00000000a3100000, 0x00000000a3200000|  0%| F|  |TAMS 0x00000000a3100000, 0x00000000a3100000| Untracked 
|  20|0x00000000a3200000, 0x00000000a3200000, 0x00000000a3300000|  0%| F|  |TAMS 0x00000000a3200000, 0x00000000a3200000| Untracked 
|  21|0x00000000a3300000, 0x00000000a3300000, 0x00000000a3400000|  0%| F|  |TAMS 0x00000000a3300000, 0x00000000a3300000| Untracked 
|  22|0x00000000a3400000, 0x00000000a3400000, 0x00000000a3500000|  0%| F|  |TAMS 0x00000000a3400000, 0x00000000a3400000| Untracked 
|  23|0x00000000a3500000, 0x00000000a3500000, 0x00000000a3600000|  0%| F|  |TAMS 0x00000000a3500000, 0x00000000a3500000| Untracked 
|  24|0x00000000a3600000, 0x00000000a3600000, 0x00000000a3700000|  0%| F|  |TAMS 0x00000000a3600000, 0x00000000a3600000| Untracked 
|  25|0x00000000a3700000, 0x00000000a3700000, 0x00000000a3800000|  0%| F|  |TAMS 0x00000000a3700000, 0x00000000a3700000| Untracked 
|  26|0x00000000a3800000, 0x00000000a3800000, 0x00000000a3900000|  0%| F|  |TAMS 0x00000000a3800000, 0x00000000a3800000| Untracked 
|  27|0x00000000a3900000, 0x00000000a3900000, 0x00000000a3a00000|  0%| F|  |TAMS 0x00000000a3900000, 0x00000000a3900000| Untracked 
|  28|0x00000000a3a00000, 0x00000000a3a00000, 0x00000000a3b00000|  0%| F|  |TAMS 0x00000000a3a00000, 0x00000000a3a00000| Untracked 
|  29|0x00000000a3b00000, 0x00000000a3b00000, 0x00000000a3c00000|  0%| F|  |TAMS 0x00000000a3b00000, 0x00000000a3b00000| Untracked 
|  30|0x00000000a3c00000, 0x00000000a3c00000, 0x00000000a3d00000|  0%| F|  |TAMS 0x00000000a3c00000, 0x00000000a3c00000| Untracked 
|  31|0x00000000a3d00000, 0x00000000a3d00000, 0x00000000a3e00000|  0%| F|  |TAMS 0x00000000a3d00000, 0x00000000a3d00000| Untracked 
|  32|0x00000000a3e00000, 0x00000000a3e00000, 0x00000000a3f00000|  0%| F|  |TAMS 0x00000000a3e00000, 0x00000000a3e00000| Untracked 
|  33|0x00000000a3f00000, 0x00000000a3f00000, 0x00000000a4000000|  0%| F|  |TAMS 0x00000000a3f00000, 0x00000000a3f00000| Untracked 
|  34|0x00000000a4000000, 0x00000000a4000000, 0x00000000a4100000|  0%| F|  |TAMS 0x00000000a4000000, 0x00000000a4000000| Untracked 
|  35|0x00000000a4100000, 0x00000000a4100000, 0x00000000a4200000|  0%| F|  |TAMS 0x00000000a4100000, 0x00000000a4100000| Untracked 
|  36|0x00000000a4200000, 0x00000000a4200000, 0x00000000a4300000|  0%| F|  |TAMS 0x00000000a4200000, 0x00000000a4200000| Untracked 
|  37|0x00000000a4300000, 0x00000000a4300000, 0x00000000a4400000|  0%| F|  |TAMS 0x00000000a4300000, 0x00000000a4300000| Untracked 
|  38|0x00000000a4400000, 0x00000000a4400000, 0x00000000a4500000|  0%| F|  |TAMS 0x00000000a4400000, 0x00000000a4400000| Untracked 
|  39|0x00000000a4500000, 0x00000000a4500000, 0x00000000a4600000|  0%| F|  |TAMS 0x00000000a4500000, 0x00000000a4500000| Untracked 
|  40|0x00000000a4600000, 0x00000000a4600000, 0x00000000a4700000|  0%| F|  |TAMS 0x00000000a4600000, 0x00000000a4600000| Untracked 
|  41|0x00000000a4700000, 0x00000000a4700000, 0x00000000a4800000|  0%| F|  |TAMS 0x00000000a4700000, 0x00000000a4700000| Untracked 
|  42|0x00000000a4800000, 0x00000000a4800000, 0x00000000a4900000|  0%| F|  |TAMS 0x00000000a4800000, 0x00000000a4800000| Untracked 
|  43|0x00000000a4900000, 0x00000000a4900000, 0x00000000a4a00000|  0%| F|  |TAMS 0x00000000a4900000, 0x00000000a4900000| Untracked 
|  44|0x00000000a4a00000, 0x00000000a4a00000, 0x00000000a4b00000|  0%| F|  |TAMS 0x00000000a4a00000, 0x00000000a4a00000| Untracked 
|  45|0x00000000a4b00000, 0x00000000a4b00000, 0x00000000a4c00000|  0%| F|  |TAMS 0x00000000a4b00000, 0x00000000a4b00000| Untracked 
|  46|0x00000000a4c00000, 0x00000000a4c00000, 0x00000000a4d00000|  0%| F|  |TAMS 0x00000000a4c00000, 0x00000000a4c00000| Untracked 
|  47|0x00000000a4d00000, 0x00000000a4d00000, 0x00000000a4e00000|  0%| F|  |TAMS 0x00000000a4d00000, 0x00000000a4d00000| Untracked 
|  48|0x00000000a4e00000, 0x00000000a4e00000, 0x00000000a4f00000|  0%| F|  |TAMS 0x00000000a4e00000, 0x00000000a4e00000| Untracked 
|  49|0x00000000a4f00000, 0x00000000a4f00000, 0x00000000a5000000|  0%| F|  |TAMS 0x00000000a4f00000, 0x00000000a4f00000| Untracked 
|  50|0x00000000a5000000, 0x00000000a5000000, 0x00000000a5100000|  0%| F|  |TAMS 0x00000000a5000000, 0x00000000a5000000| Untracked 
|  51|0x00000000a5100000, 0x00000000a5100000, 0x00000000a5200000|  0%| F|  |TAMS 0x00000000a5100000, 0x00000000a5100000| Untracked 
|  52|0x00000000a5200000, 0x00000000a5200000, 0x00000000a5300000|  0%| F|  |TAMS 0x00000000a5200000, 0x00000000a5200000| Untracked 
|  53|0x00000000a5300000, 0x00000000a5300000, 0x00000000a5400000|  0%| F|  |TAMS 0x00000000a5300000, 0x00000000a5300000| Untracked 
|  54|0x00000000a5400000, 0x00000000a5400000, 0x00000000a5500000|  0%| F|  |TAMS 0x00000000a5400000, 0x00000000a5400000| Untracked 
|  55|0x00000000a5500000, 0x00000000a5500000, 0x00000000a5600000|  0%| F|  |TAMS 0x00000000a5500000, 0x00000000a5500000| Untracked 
|  56|0x00000000a5600000, 0x00000000a5600000, 0x00000000a5700000|  0%| F|  |TAMS 0x00000000a5600000, 0x00000000a5600000| Untracked 
|  57|0x00000000a5700000, 0x00000000a5700000, 0x00000000a5800000|  0%| F|  |TAMS 0x00000000a5700000, 0x00000000a5700000| Untracked 
|  58|0x00000000a5800000, 0x00000000a5800000, 0x00000000a5900000|  0%| F|  |TAMS 0x00000000a5800000, 0x00000000a5800000| Untracked 
|  59|0x00000000a5900000, 0x00000000a5900000, 0x00000000a5a00000|  0%| F|  |TAMS 0x00000000a5900000, 0x00000000a5900000| Untracked 
|  60|0x00000000a5a00000, 0x00000000a5a00000, 0x00000000a5b00000|  0%| F|  |TAMS 0x00000000a5a00000, 0x00000000a5a00000| Untracked 
|  61|0x00000000a5b00000, 0x00000000a5b00000, 0x00000000a5c00000|  0%| F|  |TAMS 0x00000000a5b00000, 0x00000000a5b00000| Untracked 
|  62|0x00000000a5c00000, 0x00000000a5c00000, 0x00000000a5d00000|  0%| F|  |TAMS 0x00000000a5c00000, 0x00000000a5c00000| Untracked 
|  63|0x00000000a5d00000, 0x00000000a5d00000, 0x00000000a5e00000|  0%| F|  |TAMS 0x00000000a5d00000, 0x00000000a5d00000| Untracked 
|  64|0x00000000a5e00000, 0x00000000a5e00000, 0x00000000a5f00000|  0%| F|  |TAMS 0x00000000a5e00000, 0x00000000a5e00000| Untracked 
|  65|0x00000000a5f00000, 0x00000000a5f00000, 0x00000000a6000000|  0%| F|  |TAMS 0x00000000a5f00000, 0x00000000a5f00000| Untracked 
|  66|0x00000000a6000000, 0x00000000a6000000, 0x00000000a6100000|  0%| F|  |TAMS 0x00000000a6000000, 0x00000000a6000000| Untracked 
|  67|0x00000000a6100000, 0x00000000a6100000, 0x00000000a6200000|  0%| F|  |TAMS 0x00000000a6100000, 0x00000000a6100000| Untracked 
|  68|0x00000000a6200000, 0x00000000a6200000, 0x00000000a6300000|  0%| F|  |TAMS 0x00000000a6200000, 0x00000000a6200000| Untracked 
|  69|0x00000000a6300000, 0x00000000a6300000, 0x00000000a6400000|  0%| F|  |TAMS 0x00000000a6300000, 0x00000000a6300000| Untracked 
|  70|0x00000000a6400000, 0x00000000a6400000, 0x00000000a6500000|  0%| F|  |TAMS 0x00000000a6400000, 0x00000000a6400000| Untracked 
|  71|0x00000000a6500000, 0x00000000a6500000, 0x00000000a6600000|  0%| F|  |TAMS 0x00000000a6500000, 0x00000000a6500000| Untracked 
|  72|0x00000000a6600000, 0x00000000a6600000, 0x00000000a6700000|  0%| F|  |TAMS 0x00000000a6600000, 0x00000000a6600000| Untracked 
|  73|0x00000000a6700000, 0x00000000a6700000, 0x00000000a6800000|  0%| F|  |TAMS 0x00000000a6700000, 0x00000000a6700000| Untracked 
|  74|0x00000000a6800000, 0x00000000a6800000, 0x00000000a6900000|  0%| F|  |TAMS 0x00000000a6800000, 0x00000000a6800000| Untracked 
|  75|0x00000000a6900000, 0x00000000a6900000, 0x00000000a6a00000|  0%| F|  |TAMS 0x00000000a6900000, 0x00000000a6900000| Untracked 
|  76|0x00000000a6a00000, 0x00000000a6a00000, 0x00000000a6b00000|  0%| F|  |TAMS 0x00000000a6a00000, 0x00000000a6a00000| Untracked 
|  77|0x00000000a6b00000, 0x00000000a6b00000, 0x00000000a6c00000|  0%| F|  |TAMS 0x00000000a6b00000, 0x00000000a6b00000| Untracked 
|  78|0x00000000a6c00000, 0x00000000a6c00000, 0x00000000a6d00000|  0%| F|  |TAMS 0x00000000a6c00000, 0x00000000a6c00000| Untracked 
|  79|0x00000000a6d00000, 0x00000000a6d00000, 0x00000000a6e00000|  0%| F|  |TAMS 0x00000000a6d00000, 0x00000000a6d00000| Untracked 
|  80|0x00000000a6e00000, 0x00000000a6e00000, 0x00000000a6f00000|  0%| F|  |TAMS 0x00000000a6e00000, 0x00000000a6e00000| Untracked 
|  81|0x00000000a6f00000, 0x00000000a6f00000, 0x00000000a7000000|  0%| F|  |TAMS 0x00000000a6f00000, 0x00000000a6f00000| Untracked 
|  82|0x00000000a7000000, 0x00000000a7000000, 0x00000000a7100000|  0%| F|  |TAMS 0x00000000a7000000, 0x00000000a7000000| Untracked 
|  83|0x00000000a7100000, 0x00000000a7100000, 0x00000000a7200000|  0%| F|  |TAMS 0x00000000a7100000, 0x00000000a7100000| Untracked 
|  84|0x00000000a7200000, 0x00000000a7200000, 0x00000000a7300000|  0%| F|  |TAMS 0x00000000a7200000, 0x00000000a7200000| Untracked 
|  85|0x00000000a7300000, 0x00000000a7300000, 0x00000000a7400000|  0%| F|  |TAMS 0x00000000a7300000, 0x00000000a7300000| Untracked 
|  86|0x00000000a7400000, 0x00000000a7400000, 0x00000000a7500000|  0%| F|  |TAMS 0x00000000a7400000, 0x00000000a7400000| Untracked 
|  87|0x00000000a7500000, 0x00000000a7500000, 0x00000000a7600000|  0%| F|  |TAMS 0x00000000a7500000, 0x00000000a7500000| Untracked 
|  88|0x00000000a7600000, 0x00000000a7600000, 0x00000000a7700000|  0%| F|  |TAMS 0x00000000a7600000, 0x00000000a7600000| Untracked 
|  89|0x00000000a7700000, 0x00000000a7786840, 0x00000000a7800000| 52%| E|  |TAMS 0x00000000a7700000, 0x00000000a7700000| Complete 
|  90|0x00000000a7800000, 0x00000000a7900000, 0x00000000a7900000|100%| E|CS|TAMS 0x00000000a7800000, 0x00000000a7800000| Complete 
|  91|0x00000000a7900000, 0x00000000a7a00000, 0x00000000a7a00000|100%| E|CS|TAMS 0x00000000a7900000, 0x00000000a7900000| Complete 
|  92|0x00000000a7a00000, 0x00000000a7b00000, 0x00000000a7b00000|100%| E|CS|TAMS 0x00000000a7a00000, 0x00000000a7a00000| Complete 
|  93|0x00000000a7b00000, 0x00000000a7c00000, 0x00000000a7c00000|100%| E|CS|TAMS 0x00000000a7b00000, 0x00000000a7b00000| Complete 
|  94|0x00000000a7c00000, 0x00000000a7d00000, 0x00000000a7d00000|100%| E|CS|TAMS 0x00000000a7c00000, 0x00000000a7c00000| Complete 
|  95|0x00000000a7d00000, 0x00000000a7e00000, 0x00000000a7e00000|100%| E|CS|TAMS 0x00000000a7d00000, 0x00000000a7d00000| Complete 

Card table byte_map: [0x00000198313d0000,0x00000198316d0000] _byte_map_base: 0x0000019830ec1000

Marking Bits (Prev, Next): (CMBitMap*) 0x000001981e9a82c0, (CMBitMap*) 0x000001981e9a8300
 Prev Bits: [0x00000198319d0000, 0x0000019833158000)
 Next Bits: [0x0000019833160000, 0x00000198348e8000)

Polling page: 0x000001981cac0000

Metaspace:

Usage:
  Non-class:     11.15 MB used.
      Class:      1.21 MB used.
       Both:     12.36 MB used.

Virtual space:
  Non-class space:       64.00 MB reserved,      11.19 MB ( 17%) committed,  1 nodes.
      Class space:        1.00 GB reserved,       1.25 MB ( <1%) committed,  1 nodes.
             Both:        1.06 GB reserved,      12.44 MB (  1%) committed. 

Chunk freelists:
   Non-Class:  4.33 MB
       Class:  14.70 MB
        Both:  19.03 MB

MaxMetaspaceSize: unlimited
CompressedClassSpaceSize: 1.00 GB
Initial GC threshold: 21.00 MB
Current GC threshold: 21.00 MB
CDS: off
MetaspaceReclaimPolicy: balanced
 - commit_granule_bytes: 65536.
 - commit_granule_words: 8192.
 - virtual_space_node_default_size: 8388608.
 - enlarge_chunks_in_place: 1.
 - new_chunks_are_fully_committed: 0.
 - uncommit_free_chunks: 1.
 - use_allocation_guard: 0.
 - handle_deallocations: 1.


Internal statistics:

num_allocs_failed_limit: 0.
num_arena_births: 58.
num_arena_deaths: 0.
num_vsnodes_births: 2.
num_vsnodes_deaths: 0.
num_space_committed: 199.
num_space_uncommitted: 0.
num_chunks_returned_to_freelist: 0.
num_chunks_taken_from_freelist: 125.
num_chunk_merges: 0.
num_chunk_splits: 68.
num_chunks_enlarged: 41.
num_inconsistent_stats: 0.

CodeHeap 'non-profiled nmethods': size=120000Kb used=186Kb max_used=186Kb free=119813Kb
 bounds [0x0000019829ba0000, 0x0000019829e10000, 0x00000198310d0000]
CodeHeap 'profiled nmethods': size=120000Kb used=939Kb max_used=939Kb free=119060Kb
 bounds [0x00000198220d0000, 0x0000019822340000, 0x0000019829600000]
CodeHeap 'non-nmethods': size=5760Kb used=1164Kb max_used=1176Kb free=4595Kb
 bounds [0x0000019829600000, 0x0000019829870000, 0x0000019829ba0000]
 total_blobs=1111 nmethods=654 adapters=370
 compilation: enabled
              stopped_count=0, restarted_count=0
 full_count=0

Compilation events (20 events):
Event: 1.623 Thread 0x000001983b11b950  644       4       java.lang.invoke.MethodType::parameterCount (6 bytes)
Event: 1.624 Thread 0x000001983b11b950 nmethod 644 0x0000019829bce310 code [0x0000019829bce480, 0x0000019829bce518]
Event: 1.625 Thread 0x000001983b123690  645   !   3       java.nio.DirectIntBufferU::get (34 bytes)
Event: 1.626 Thread 0x000001983b123690 nmethod 645 0x00000198221b3810 code [0x00000198221b3a40, 0x00000198221b42f8]
Event: 1.626 Thread 0x000001983b123690  646       3       java.nio.DirectIntBufferU::ix (10 bytes)
Event: 1.626 Thread 0x000001983b123690 nmethod 646 0x00000198221b4810 code [0x00000198221b49a0, 0x00000198221b4ab8]
Event: 1.626 Thread 0x000001983b123690  647   !   3       jdk.internal.misc.ScopedMemoryAccess::getInt (20 bytes)
Event: 1.627 Thread 0x000001983b123690 nmethod 647 0x00000198221b4b90 code [0x00000198221b4d80, 0x00000198221b5298]
Event: 1.627 Thread 0x000001983b123690  648   !   3       jdk.internal.misc.ScopedMemoryAccess::getIntInternal (36 bytes)
Event: 1.627 Thread 0x000001983b123690 nmethod 648 0x00000198221b5510 code [0x00000198221b56c0, 0x00000198221b59a8]
Event: 1.650 Thread 0x000001983b123690  649       3       java.lang.invoke.VarForm::getMemberName (31 bytes)
Event: 1.651 Thread 0x000001983b123690 nmethod 649 0x00000198221b5b10 code [0x00000198221b5cc0, 0x00000198221b5f78]
Event: 1.651 Thread 0x000001983b123690  650       3       java.lang.invoke.VarHandleByteArrayAsInts$ArrayHandle::index (12 bytes)
Event: 1.651 Thread 0x000001983b123690 nmethod 650 0x00000198221b6090 code [0x00000198221b6240, 0x00000198221b6448]
Event: 1.666 Thread 0x000001983b123690  651       3       java.lang.invoke.VarHandleGuards::guard_LII_V (137 bytes)
Event: 1.670 Thread 0x000001983b123690 nmethod 651 0x00000198221b6590 code [0x00000198221b69e0, 0x00000198221b93d8]
Event: 1.670 Thread 0x000001983b123690  652       3       java.lang.invoke.VarHandleByteArrayAsInts$ArrayHandle::set (39 bytes)
Event: 1.671 Thread 0x000001983b123690 nmethod 652 0x00000198221ba010 code [0x00000198221ba200, 0x00000198221ba718]
Event: 1.671 Thread 0x000001983b123690  653       3       jdk.internal.misc.Unsafe::putIntUnaligned (14 bytes)
Event: 1.671 Thread 0x000001983b123690 nmethod 653 0x00000198221ba910 code [0x00000198221baac0, 0x00000198221bad18]

GC Heap History (0 events):
No events

Dll operation events (1 events):
Event: 0.023 Loaded shared library C:\Program Files\JetBrains\IntelliJ IDEA Community Edition 2023.3.2\jbr\bin\java.dll

Deoptimization events (10 events):
Event: 1.522 Thread 0x000001981e95c490 Uncommon trap: trap_request=0xffffff45 fr.pc=0x0000019829bba338 relative=0x00000000000001b8
Event: 1.522 Thread 0x000001981e95c490 Uncommon trap: reason=unstable_if action=reinterpret pc=0x0000019829bba338 method=java.util.HashMap.putVal(ILjava/lang/Object;Ljava/lang/Object;ZZ)Ljava/lang/Object; @ 162 c2
Event: 1.522 Thread 0x000001981e95c490 DEOPT PACKING pc=0x0000019829bba338 sp=0x00000055034fba60
Event: 1.522 Thread 0x000001981e95c490 DEOPT UNPACKING pc=0x00000198296569a3 sp=0x00000055034fba00 mode 2
Event: 1.612 Thread 0x000001981e95c490 DEOPT PACKING pc=0x00000198220e6be7 sp=0x00000055034fe2f0
Event: 1.612 Thread 0x000001981e95c490 DEOPT UNPACKING pc=0x0000019829657143 sp=0x00000055034fd710 mode 0
Event: 1.665 Thread 0x000001981e95c490 Uncommon trap: trap_request=0xffffff45 fr.pc=0x0000019829bb70f0 relative=0x00000000000003d0
Event: 1.665 Thread 0x000001981e95c490 Uncommon trap: reason=unstable_if action=reinterpret pc=0x0000019829bb70f0 method=java.lang.StringLatin1.newString([BII)Ljava/lang/String; @ 1 c2
Event: 1.665 Thread 0x000001981e95c490 DEOPT PACKING pc=0x0000019829bb70f0 sp=0x00000055034fe700
Event: 1.665 Thread 0x000001981e95c490 DEOPT UNPACKING pc=0x00000198296569a3 sp=0x00000055034fe6c8 mode 2

Classes unloaded (0 events):
No events

Classes redefined (0 events):
No events

Internal exceptions (16 events):
Event: 0.600 Thread 0x000001981e95c490 Exception <a 'sun/nio/fs/WindowsException'{0x00000000a7b9d290}> (0x00000000a7b9d290) 
thrown [s\src\hotspot\share\prims\jni.cpp, line 517]
Event: 0.642 Thread 0x000001981e95c490 Exception <a 'java/lang/NoSuchMethodError'{0x00000000a7bc8ec0}: 'int java.lang.invoke.DirectMethodHandle$Holder.invokeStaticInit(java.lang.Object, java.lang.Object, java.lang.Object, java.lang.Object)'> (0x00000000a7bc8ec0) 
thrown [s\src\hotspot\share\interpreter\linkResolver.cpp, line 771]
Event: 0.647 Thread 0x000001981e95c490 Exception <a 'java/lang/NoSuchMethodError'{0x00000000a7bd3b20}: 'java.lang.Object java.lang.invoke.DirectMethodHandle$Holder.invokeInterface(java.lang.Object, java.lang.Object)'> (0x00000000a7bd3b20) 
thrown [s\src\hotspot\share\interpreter\linkResolver.cpp, line 771]
Event: 0.648 Thread 0x000001981e95c490 Exception <a 'java/lang/IncompatibleClassChangeError'{0x00000000a7bd7440}: Found class java.lang.Object, but interface was expected> (0x00000000a7bd7440) 
thrown [s\src\hotspot\share\interpreter\linkResolver.cpp, line 838]
Event: 0.650 Thread 0x000001981e95c490 Exception <a 'java/lang/NoSuchMethodError'{0x00000000a7bda7f0}: 'void java.lang.invoke.DirectMethodHandle$Holder.invokeStatic(java.lang.Object, java.lang.Object)'> (0x00000000a7bda7f0) 
thrown [s\src\hotspot\share\interpreter\linkResolver.cpp, line 771]
Event: 0.651 Thread 0x000001981e95c490 Exception <a 'java/lang/NoSuchMethodError'{0x00000000a7bde108}: 'void java.lang.invoke.DirectMethodHandle$Holder.invokeStaticInit(java.lang.Object, java.lang.Object)'> (0x00000000a7bde108) 
thrown [s\src\hotspot\share\interpreter\linkResolver.cpp, line 771]
Event: 0.655 Thread 0x000001981e95c490 Exception <a 'java/lang/NoSuchMethodError'{0x00000000a7be4960}: 'int java.lang.invoke.DirectMethodHandle$Holder.invokeStaticInit(java.lang.Object, java.lang.Object)'> (0x00000000a7be4960) 
thrown [s\src\hotspot\share\interpreter\linkResolver.cpp, line 771]
Event: 0.793 Thread 0x000001981e95c490 Exception <a 'java/lang/NoSuchMethodError'{0x00000000a7acc1b8}: 'java.lang.Object java.lang.invoke.DirectMethodHandle$Holder.invokeStaticInit(java.lang.Object, int, int, int, int)'> (0x00000000a7acc1b8) 
thrown [s\src\hotspot\share\interpreter\linkResolver.cpp, line 771]
Event: 1.255 Thread 0x000001981e95c490 Exception <a 'java/lang/NoSuchMethodError'{0x00000000a7905350}: 'java.lang.Object java.lang.invoke.DirectMethodHandle$Holder.invokeStaticInit(java.lang.Object, java.lang.Object, int, int, int, int)'> (0x00000000a7905350) 
thrown [s\src\hotspot\share\interpreter\linkResolver.cpp, line 771]
Event: 1.284 Thread 0x000001981e95c490 Exception <a 'java/lang/NoSuchMethodError'{0x00000000a796e350}: 'java.lang.Object java.lang.invoke.DirectMethodHandle$Holder.invokeStatic(java.lang.Object, java.lang.Object, int)'> (0x00000000a796e350) 
thrown [s\src\hotspot\share\interpreter\linkResolver.cpp, line 771]
Event: 1.285 Thread 0x000001981e95c490 Exception <a 'java/lang/NoSuchMethodError'{0x00000000a7971ac8}: 'java.lang.Object java.lang.invoke.DirectMethodHandle$Holder.invokeStaticInit(java.lang.Object, java.lang.Object, int)'> (0x00000000a7971ac8) 
thrown [s\src\hotspot\share\interpreter\linkResolver.cpp, line 771]
Event: 1.287 Thread 0x000001981e95c490 Exception <a 'java/lang/NoSuchMethodError'{0x00000000a7977e78}: 'java.lang.Object java.lang.invoke.DirectMethodHandle$Holder.newInvokeSpecial(java.lang.Object, java.lang.Object, int)'> (0x00000000a7977e78) 
thrown [s\src\hotspot\share\interpreter\linkResolver.cpp, line 771]
Event: 1.295 Thread 0x000001981e95c490 Exception <a 'java/lang/NoSuchMethodError'{0x00000000a7985700}: 'int java.lang.invoke.DirectMethodHandle$Holder.invokeStaticInit(java.lang.Object, java.lang.Object, java.lang.Object)'> (0x00000000a7985700) 
thrown [s\src\hotspot\share\interpreter\linkResolver.cpp, line 771]
Event: 1.303 Thread 0x000001981e95c490 Exception <a 'java/lang/NoSuchMethodError'{0x00000000a7997b60}: 'int java.lang.invoke.DirectMethodHandle$Holder.invokeSpecial(java.lang.Object, java.lang.Object, java.lang.Object)'> (0x00000000a7997b60) 
thrown [s\src\hotspot\share\interpreter\linkResolver.cpp, line 771]
Event: 1.307 Thread 0x000001981e95c490 Exception <a 'java/lang/NoSuchMethodError'{0x00000000a799ff40}: 'int java.lang.invoke.DirectMethodHandle$Holder.invokeSpecialIFC(java.lang.Object, java.lang.Object, java.lang.Object)'> (0x00000000a799ff40) 
thrown [s\src\hotspot\share\interpreter\linkResolver.cpp, line 771]
Event: 1.427 Thread 0x000001981e95c490 Exception <a 'java/lang/NoSuchMethodError'{0x00000000a782d408}: 'java.lang.Object java.lang.invoke.DirectMethodHandle$Holder.invokeStaticInit(java.lang.Object)'> (0x00000000a782d408) 
thrown [s\src\hotspot\share\interpreter\linkResolver.cpp, line 771]

VM Operations (10 events):
Event: 0.294 Executing VM operation: HandshakeAllThreads
Event: 0.294 Executing VM operation: HandshakeAllThreads done
Event: 0.328 Executing VM operation: HandshakeAllThreads
Event: 0.328 Executing VM operation: HandshakeAllThreads done
Event: 1.071 Executing VM operation: HandshakeAllThreads
Event: 1.071 Executing VM operation: HandshakeAllThreads done
Event: 1.439 Executing VM operation: HandshakeAllThreads
Event: 1.439 Executing VM operation: HandshakeAllThreads done
Event: 1.439 Executing VM operation: Cleanup
Event: 1.440 Executing VM operation: Cleanup done

Events (20 events):
Event: 1.658 loading class jdk/net/ExtendedSocketOptions$PlatformSocketOptions$1 done
Event: 1.659 loading class jdk/net/ExtendedSocketOptions$1
Event: 1.659 loading class jdk/net/ExtendedSocketOptions$1 done
Event: 1.659 loading class java/net/InetSocketAddress
Event: 1.659 loading class java/net/InetSocketAddress done
Event: 1.660 loading class java/nio/channels/SocketChannel
Event: 1.661 loading class java/nio/channels/SocketChannel done
Event: 1.661 loading class sun/nio/ch/SocketChannelImpl
Event: 1.663 loading class sun/nio/ch/SocketChannelImpl done
Event: 1.664 loading class java/nio/channels/spi/AbstractInterruptibleChannel$1
Event: 1.664 loading class sun/nio/ch/Interruptible
Event: 1.664 loading class sun/nio/ch/Interruptible done
Event: 1.664 loading class java/nio/channels/spi/AbstractInterruptibleChannel$1 done
Event: 1.671 loading class java/nio/BufferMismatch
Event: 1.671 loading class java/nio/BufferMismatch done
Event: 1.672 loading class sun/nio/ch/SourceChannelImpl
Event: 1.672 loading class java/nio/channels/Pipe$SourceChannel
Event: 1.674 loading class java/nio/channels/Pipe$SourceChannel done
Event: 1.674 loading class sun/nio/ch/SourceChannelImpl done
Event: 1.674 loading class sun/nio/ch/SinkChannelImpl


Dynamic libraries:
0x00007ff6c3df0000 - 0x00007ff6c3dfa000 	C:\Program Files\JetBrains\IntelliJ IDEA Community Edition 2023.3.2\jbr\bin\java.exe
0x00007ffda6d70000 - 0x00007ffda6f87000 	C:\WINDOWS\SYSTEM32\ntdll.dll
0x00007ffda5b10000 - 0x00007ffda5bd4000 	C:\WINDOWS\System32\KERNEL32.DLL
0x00007ffda4710000 - 0x00007ffda4ab6000 	C:\WINDOWS\System32\KERNELBASE.dll
0x00007ffda4450000 - 0x00007ffda4561000 	C:\WINDOWS\System32\ucrtbase.dll
0x00007ffd90c90000 - 0x00007ffd90ca7000 	C:\Program Files\JetBrains\IntelliJ IDEA Community Edition 2023.3.2\jbr\bin\jli.dll
0x00007ffda5960000 - 0x00007ffda5b0e000 	C:\WINDOWS\System32\USER32.dll
0x00007ffda4660000 - 0x00007ffda4686000 	C:\WINDOWS\System32\win32u.dll
0x00007ffda6ce0000 - 0x00007ffda6d09000 	C:\WINDOWS\System32\GDI32.dll
0x00007ffda4120000 - 0x00007ffda4238000 	C:\WINDOWS\System32\gdi32full.dll
0x00007ffda43b0000 - 0x00007ffda444a000 	C:\WINDOWS\System32\msvcp_win.dll
0x00007ffd7b4a0000 - 0x00007ffd7b4bb000 	C:\Program Files\JetBrains\IntelliJ IDEA Community Edition 2023.3.2\jbr\bin\VCRUNTIME140.dll
0x00007ffd94140000 - 0x00007ffd943d3000 	C:\WINDOWS\WinSxS\amd64_microsoft.windows.common-controls_6595b64144ccf1df_6.0.22621.2506_none_270c5ae97388e100\COMCTL32.dll
0x00007ffda58b0000 - 0x00007ffda5957000 	C:\WINDOWS\System32\msvcrt.dll
0x00007ffda5d80000 - 0x00007ffda5db1000 	C:\WINDOWS\System32\IMM32.DLL
0x00007ffd86d20000 - 0x00007ffd86d2c000 	C:\Program Files\JetBrains\IntelliJ IDEA Community Edition 2023.3.2\jbr\bin\vcruntime140_1.dll
0x00007ffd7a520000 - 0x00007ffd7a5ad000 	C:\Program Files\JetBrains\IntelliJ IDEA Community Edition 2023.3.2\jbr\bin\msvcp140.dll
0x00007ffd5c4c0000 - 0x00007ffd5d142000 	C:\Program Files\JetBrains\IntelliJ IDEA Community Edition 2023.3.2\jbr\bin\server\jvm.dll
0x00007ffda6770000 - 0x00007ffda6823000 	C:\WINDOWS\System32\ADVAPI32.dll
0x00007ffda4c70000 - 0x00007ffda4d18000 	C:\WINDOWS\System32\sechost.dll
0x00007ffda4570000 - 0x00007ffda4598000 	C:\WINDOWS\System32\bcrypt.dll
0x00007ffda4ac0000 - 0x00007ffda4bd7000 	C:\WINDOWS\System32\RPCRT4.dll
0x00007ffda3f80000 - 0x00007ffda3fcd000 	C:\WINDOWS\SYSTEM32\POWRPROF.dll
0x00007ffd7d6e0000 - 0x00007ffd7d6e9000 	C:\WINDOWS\SYSTEM32\WSOCK32.dll
0x00007ffda4be0000 - 0x00007ffda4c51000 	C:\WINDOWS\System32\WS2_32.dll
0x00007ffd9c680000 - 0x00007ffd9c6b4000 	C:\WINDOWS\SYSTEM32\WINMM.dll
0x00007ffd9c620000 - 0x00007ffd9c62a000 	C:\WINDOWS\SYSTEM32\VERSION.dll
0x00007ffda3f60000 - 0x00007ffda3f73000 	C:\WINDOWS\SYSTEM32\UMPDC.dll
0x00007ffda30f0000 - 0x00007ffda3108000 	C:\WINDOWS\SYSTEM32\kernel.appcore.dll
0x00007ffda0eb0000 - 0x00007ffda0eba000 	C:\Program Files\JetBrains\IntelliJ IDEA Community Edition 2023.3.2\jbr\bin\jimage.dll
0x00007ffda1b10000 - 0x00007ffda1d43000 	C:\WINDOWS\SYSTEM32\DBGHELP.DLL
0x00007ffda5ee0000 - 0x00007ffda6269000 	C:\WINDOWS\System32\combase.dll
0x00007ffda4e80000 - 0x00007ffda4f57000 	C:\WINDOWS\System32\OLEAUT32.dll
0x00007ffd8e540000 - 0x00007ffd8e572000 	C:\WINDOWS\SYSTEM32\dbgcore.DLL
0x00007ffda4690000 - 0x00007ffda470a000 	C:\WINDOWS\System32\bcryptPrimitives.dll
0x00007ffd91150000 - 0x00007ffd91175000 	C:\Program Files\JetBrains\IntelliJ IDEA Community Edition 2023.3.2\jbr\bin\java.dll
0x00007ffd99970000 - 0x00007ffd99988000 	C:\Program Files\JetBrains\IntelliJ IDEA Community Edition 2023.3.2\jbr\bin\zip.dll
0x00007ffda4f70000 - 0x00007ffda57cb000 	C:\WINDOWS\System32\SHELL32.dll
0x00007ffda2010000 - 0x00007ffda2906000 	C:\WINDOWS\SYSTEM32\windows.storage.dll
0x00007ffda1ed0000 - 0x00007ffda200e000 	C:\WINDOWS\SYSTEM32\wintypes.dll
0x00007ffda6a50000 - 0x00007ffda6b43000 	C:\WINDOWS\System32\SHCORE.dll
0x00007ffda6830000 - 0x00007ffda688e000 	C:\WINDOWS\System32\shlwapi.dll
0x00007ffda3fe0000 - 0x00007ffda4006000 	C:\WINDOWS\SYSTEM32\profapi.dll
0x00007ffd93980000 - 0x00007ffd93999000 	C:\Program Files\JetBrains\IntelliJ IDEA Community Edition 2023.3.2\jbr\bin\net.dll
0x00007ffd9e1a0000 - 0x00007ffd9e2d7000 	C:\WINDOWS\SYSTEM32\WINHTTP.dll
0x00007ffda3570000 - 0x00007ffda35d9000 	C:\WINDOWS\system32\mswsock.dll
0x00007ffd91130000 - 0x00007ffd91146000 	C:\Program Files\JetBrains\IntelliJ IDEA Community Edition 2023.3.2\jbr\bin\nio.dll
0x00007ffd9f130000 - 0x00007ffd9f13e000 	C:\Program Files\JetBrains\IntelliJ IDEA Community Edition 2023.3.2\jbr\bin\sunmscapi.dll
0x00007ffda4240000 - 0x00007ffda43a6000 	C:\WINDOWS\System32\CRYPT32.dll
0x00007ffda3960000 - 0x00007ffda398e000 	C:\WINDOWS\SYSTEM32\ncrypt.dll
0x00007ffda3920000 - 0x00007ffda3957000 	C:\WINDOWS\SYSTEM32\NTASN1.dll
0x00007ffda37c0000 - 0x00007ffda37db000 	C:\WINDOWS\SYSTEM32\CRYPTSP.dll
0x00007ffda3050000 - 0x00007ffda3085000 	C:\WINDOWS\system32\rsaenh.dll
0x00007ffda3660000 - 0x00007ffda368c000 	C:\WINDOWS\SYSTEM32\USERENV.dll
0x00007ffda37e0000 - 0x00007ffda37ec000 	C:\WINDOWS\SYSTEM32\CRYPTBASE.dll
0x00007ffda2bb0000 - 0x00007ffda2bdd000 	C:\WINDOWS\SYSTEM32\IPHLPAPI.DLL
0x00007ffda58a0000 - 0x00007ffda58a9000 	C:\WINDOWS\System32\NSI.dll
0x00007ffd9da50000 - 0x00007ffd9da69000 	C:\WINDOWS\SYSTEM32\dhcpcsvc6.DLL
0x00007ffd9da30000 - 0x00007ffd9da4f000 	C:\WINDOWS\SYSTEM32\dhcpcsvc.DLL
0x00007ffda2be0000 - 0x00007ffda2cd9000 	C:\WINDOWS\SYSTEM32\DNSAPI.dll
0x00007ffd9eff0000 - 0x00007ffd9eff8000 	C:\WINDOWS\system32\wshunix.dll

dbghelp: loaded successfully - version: 4.0.5 - missing functions: none
symbol engine: initialized successfully - sym options: 0x614 - pdb path: .;C:\Program Files\JetBrains\IntelliJ IDEA Community Edition 2023.3.2\jbr\bin;C:\WINDOWS\SYSTEM32;C:\WINDOWS\WinSxS\amd64_microsoft.windows.common-controls_6595b64144ccf1df_6.0.22621.2506_none_270c5ae97388e100;C:\Program Files\JetBrains\IntelliJ IDEA Community Edition 2023.3.2\jbr\bin\server

VM Arguments:
java_command: git4idea.http.GitAskPassApp Username for 'https://github.com': 
java_class_path (initial): C:/Program Files/JetBrains/IntelliJ IDEA Community Edition 2023.3.2/plugins/vcs-git/lib/git4idea-rt.jar;C:/Program Files/JetBrains/IntelliJ IDEA Community Edition 2023.3.2/lib/externalProcess-rt.jar
Launcher Type: SUN_STANDARD

[Global flags]
     intx CICompilerCount                          = 3                                         {product} {ergonomic}
     uint ConcGCThreads                            = 1                                         {product} {ergonomic}
     uint G1ConcRefinementThreads                  = 4                                         {product} {ergonomic}
   size_t G1HeapRegionSize                         = 1048576                                   {product} {ergonomic}
    uintx GCDrainStackTargetSize                   = 64                                        {product} {ergonomic}
   size_t InitialHeapSize                          = 100663296                                 {product} {ergonomic}
   size_t MarkStackSize                            = 4194304                                   {product} {ergonomic}
   size_t MaxHeapSize                              = 1579155456                                {product} {ergonomic}
   size_t MaxNewSize                               = 946864128                                 {product} {ergonomic}
   size_t MinHeapDeltaBytes                        = 1048576                                   {product} {ergonomic}
   size_t MinHeapSize                              = 8388608                                   {product} {ergonomic}
    uintx NonNMethodCodeHeapSize                   = 5832780                                {pd product} {ergonomic}
    uintx NonProfiledCodeHeapSize                  = 122912730                              {pd product} {ergonomic}
    uintx ProfiledCodeHeapSize                     = 122912730                              {pd product} {ergonomic}
    uintx ReservedCodeCacheSize                    = 251658240                              {pd product} {ergonomic}
     bool SegmentedCodeCache                       = true                                      {product} {ergonomic}
   size_t SoftMaxHeapSize                          = 1579155456                             {manageable} {ergonomic}
     bool UseCompressedClassPointers               = true                           {product lp64_product} {ergonomic}
     bool UseCompressedOops                        = true                           {product lp64_product} {ergonomic}
     bool UseG1GC                                  = true                                      {product} {ergonomic}
     bool UseLargePagesIndividualAllocation        = false                                  {pd product} {ergonomic}

Logging:
Log output configuration:
 #0: stdout all=warning uptime,level,tags
 #1: stderr all=off uptime,level,tags

Environment Variables:
JAVA_HOME=C:\Program Files\java\jdk-21.0.2
PATH=C:\Program Files\Git\mingw64\libexec\git-core;C:\Program Files\Git\mingw64\libexec\git-core;C:\Program Files\Git\mingw64\bin;C:\Program Files\Git\usr\bin;C:\Users\LENOVO\bin;C:\Inprise\vbroker\bin;C:\Program Files (x86)\Borland\Delphi7\Bin;C:\Program Files (x86)\Borland\Delphi7\Projects\Bpl;C:\WINDOWS\system32;C:\WINDOWS\System32\Wbem;C:\WINDOWS\System32\WindowsPowerShell\v1.0;C:\WINDOWS\System32\OpenSSH;C:\xampp\php;C:\composer;C:\Program Files\nodejs;C:\FPC\3.2.2\bin\i386-Win32;C:\Program Files\Git\cmd;C:\Program Files\java\jdk-21.0.2\bin;C:\Users\LENOVO\AppData\Local\Microsoft\WindowsApps;C:\Users\LENOVO\AppData\Local\Programs\Microsoft VS Code\bin;C:\Users\LENOVO\AppData\Roaming\Composer\vendor\bin;C:\Users\LENOVO\AppData\Roaming\npm;C:\Users\LENOVO\AppData\Local\Google\Cloud SDK\google-cloud-sdk\bin
USERNAME=Derm_
DISPLAY=:0.0
LC_ALL=en_US.UTF-8
TERM=xterm-256color
TMPDIR=C:\Users\LENOVO\AppData\Local\Temp
OS=Windows_NT
PROCESSOR_IDENTIFIER=AMD64 Family 23 Model 24 Stepping 1, AuthenticAMD
TMP=C:\Users\LENOVO\AppData\Local\Temp
TEMP=C:\Users\LENOVO\AppData\Local\Temp



Periodic native trim disabled

JNI global refs:
JNI global refs: 18, weak refs: 0

JNI global refs memory usage: 843, weak refs: 209

OOME stack traces (most recent first):
Classloader memory used:
Loader bootstrap                                                                       : 1516K
Loader jdk.internal.loader.ClassLoaders$PlatformClassLoader                            : 65851B
Loader jdk.internal.loader.ClassLoaders$AppClassLoader                                 : 1808B


---------------  S Y S T E M  ---------------

OS:
 Windows 11 , 64 bit Build 22621 (10.0.22621.3085)
OS uptime: 0 days 2:43 hours

CPU: total 4 (initial active 4) (4 cores per cpu, 2 threads per core) family 23 model 24 stepping 1 microcode 0x0, cx8, cmov, fxsr, ht, mmx, 3dnowpref, sse, sse2, sse3, ssse3, sse4a, sse4.1, sse4.2, popcnt, lzcnt, tsc, tscinvbit, avx, avx2, aes, clmul, bmi1, bmi2, adx, sha, fma, vzeroupper, clflush, clflushopt
Processor Information for all 4 processors :
  Max Mhz: 2600, Current Mhz: 2600, Mhz Limit: 2600

Memory: 4k page, system-wide physical 6020M (610M free)
TotalPageFile size 12336M (AvailPageFile size 0M)
current process WorkingSet (physical memory assigned to process): 54M, peak: 54M
current process commit charge ("private bytes"): 173M, peak: 174M

vm_info: OpenJDK 64-Bit Server VM (17.0.9+7-b1087.9) for windows-amd64 JRE (17.0.9+7-b1087.9), built on 2023-12-05 by "builduser" with MS VC++ 16.10 / 16.11 (VS2019)

END.
